[0mGET /admin/index [36m304 [0m32.782 ms - -[0m
[0mGET /static/css/admin.css [36m304 [0m4.405 ms - -[0m
[0mGET /static/js/lib/jquery.min.js [36m304 [0m3.738 ms - -[0m
[0mGET /admin/index [36m304 [0m16.678 ms - -[0m
[0mGET /static/css/admin.css [36m304 [0m1.028 ms - -[0m
[0mGET /static/js/lib/jquery.min.js [36m304 [0m1.019 ms - -[0m
[0mGET /admin/index [36m304 [0m8.827 ms - -[0m
[0mGET /static/css/admin.css [36m304 [0m1.125 ms - -[0m
[0mGET /static/js/lib/jquery.min.js [36m304 [0m1.415 ms - -[0m
[0mGET /admin/index [36m302 [0m4.022 ms - 80[0m
[0mGET /admin/login [32m200 [0m23.652 ms - 630[0m
[0mGET /static/css/admin.css [36m304 [0m2.362 ms - -[0m
[0mGET /admin/index [36m302 [0m0.467 ms - 80[0m
[0mGET /admin/login [36m304 [0m1.250 ms - -[0m
[0mGET /static/css/admin.css [36m304 [0m1.292 ms - -[0m
[0mPOST /admin/login [36m302 [0m16.706 ms - 80[0m
[0mGET /admin/index [32m200 [0m25.218 ms - 4527[0m
[0mGET /static/css/admin.css [36m304 [0m1.432 ms - -[0m
[0mGET /static/js/lib/jquery.min.js [36m304 [0m1.284 ms - -[0m
[0mGET /admin/index?iclass=nav&flg=all [36m304 [0m38.313 ms - -[0m
[0mGET /static/css/admin.css [36m304 [0m3.671 ms - -[0m
[0mGET /static/js/lib/jquery.min.js [36m304 [0m3.528 ms - -[0m
[0mGET /admin/index?mod=addNav [32m200 [0m16.541 ms - 6120[0m
[0mGET /static/css/admin.css [36m304 [0m1.065 ms - -[0m
[0mGET /static/js/lib/jquery.min.js [36m304 [0m1.122 ms - -[0m
[0mGET /static/css/admin.css [36m304 [0m1.549 ms - -[0m
[0mGET /admin/index?iclass=nav&options=recommid&recomed=0&nid=1 [36m302 [0m6.144 ms - 126[0m
[0mGET /admin/index?iclass=nav&flg=all [32m200 [0m13.661 ms - 15625[0m
[0mGET /static/css/admin.css [36m304 [0m1.314 ms - -[0m
[0mGET /static/js/lib/jquery.min.js [36m304 [0m1.493 ms - -[0m
[0mGET /admin/index?iclass=nav&options=recommid&recomed=1&nid=1 [36m302 [0m2.386 ms - 126[0m
[0mGET /admin/index?iclass=nav&flg=all [32m200 [0m12.876 ms - 15799[0m
[0mGET /static/css/admin.css [36m304 [0m1.435 ms - -[0m
[0mGET /static/js/lib/jquery.min.js [36m304 [0m3.102 ms - -[0m
[0mGET /admin/index?iclass=nav&options=recommid&recomed=0&nid=1 [36m302 [0m12.965 ms - 126[0m
[0mGET /admin/index?iclass=nav&flg=all [32m200 [0m32.410 ms - 15625[0m
[0mGET /static/css/admin.css [36m304 [0m3.490 ms - -[0m
[0mGET /static/js/lib/jquery.min.js [36m304 [0m3.572 ms - -[0m
[0mGET /admin/index?iclass=nav&options=recommid&recomed=1&nid=1 [36m302 [0m2.466 ms - 126[0m
[0mGET /admin/index?iclass=nav&flg=all [32m200 [0m15.274 ms - 15799[0m
[0mGET /static/css/admin.css [36m304 [0m1.346 ms - -[0m
[0mGET /static/js/lib/jquery.min.js [36m304 [0m1.366 ms - -[0m
[0mGET /admin/index?mod=addNav [36m304 [0m34.029 ms - -[0m
[0mGET /static/css/admin.css [36m304 [0m4.677 ms - -[0m
[0mGET /static/js/lib/jquery.min.js [36m304 [0m4.186 ms - -[0m
[0mGET /admin/index?iclass=contents&list=categories&flg=all [32m200 [0m22.788 ms - 13161[0m
[0mGET /static/css/admin.css [36m304 [0m1.189 ms - -[0m
[0mGET /static/js/lib/jquery.min.js [36m304 [0m1.128 ms - -[0m
[0mGET /admin/index?mod=addFenlei [32m200 [0m9.060 ms - 6385[0m
[0mGET /static/css/admin.css [36m304 [0m1.768 ms - -[0m
[0mGET /static/js/lib/jquery.min.js [36m304 [0m2.347 ms - -[0m
[0mGET /admin/index?iclass=contents&list=categories&flg=all [36m304 [0m11.569 ms - -[0m
[0mGET /static/js/lib/jquery.min.js [36m304 [0m1.845 ms - -[0m
[0mGET /static/css/admin.css [36m304 [0m2.419 ms - -[0m
[0mGET /admin/index?iclass=contents&list=articles&flg=all&cateid=1 [36m304 [0m114.296 ms - -[0m
[0mGET /static/css/admin.css [36m304 [0m1.582 ms - -[0m
[0mGET /static/js/lib/jquery.min.js [36m304 [0m1.689 ms - -[0m
[0mGET /admin/index?iclass=contents&list=articles&options=edit&cateid=1&nid=7 [32m200 [0m9.188 ms - 7290[0m
[0mGET /static/css/admin.css [36m304 [0m3.018 ms - -[0m
[0mGET /static/js/lib/jquery.min.js [36m304 [0m4.240 ms - -[0m
[0mGET /admin/index?mod=addArticle&cateid=1 [32m200 [0m8.926 ms - 7243[0m
[0mGET /static/css/admin.css [36m304 [0m2.795 ms - -[0m
[0mGET /static/js/lib/jquery.min.js [36m304 [0m1.643 ms - -[0m
[0mGET /admin/index?iclass=contents&list=categories&flg=all [36m304 [0m41.989 ms - -[0m
[0mGET /static/css/admin.css [36m304 [0m4.516 ms - -[0m
[0mGET /static/js/lib/jquery.min.js [36m304 [0m4.464 ms - -[0m
[0mGET /admin/index?iclass=contents&list=categories&flg=all [36m304 [0m19.666 ms - -[0m
[0mGET /static/css/admin.css [36m304 [0m1.206 ms - -[0m
[0mGET /static/js/lib/jquery.min.js [36m304 [0m2.057 ms - -[0m
[0mGET /admin/index?iclass=contents&list=articles&flg=all&cateid=1 [36m304 [0m12.241 ms - -[0m
[0mGET /static/css/admin.css [36m304 [0m2.594 ms - -[0m
[0mGET /static/js/lib/jquery.min.js [36m304 [0m2.574 ms - -[0m
[0mGET /admin/index?mod=addArticle&cateid=1 [36m304 [0m9.827 ms - -[0m
[0mGET /static/css/admin.css [36m304 [0m2.918 ms - -[0m
[0mGET /static/js/lib/jquery.min.js [36m304 [0m4.049 ms - -[0m
[0mGET /admin/index?iclass=contents&list=articles&page=2 [32m200 [0m11.723 ms - 7559[0m
[0mGET /static/css/admin.css [36m304 [0m1.902 ms - -[0m
[0mGET /static/js/lib/jquery.min.js [36m304 [0m1.915 ms - -[0m
[0mGET /admin/index?iclass=contents&list=articles&page=1 [32m200 [0m12.151 ms - 12642[0m
[0mGET /static/css/admin.css [36m304 [0m1.608 ms - -[0m
[0mGET /static/js/lib/jquery.min.js [36m304 [0m3.391 ms - -[0m
[0mGET /admin/index?mod=addArticle&cateid= [32m200 [0m7.707 ms - 7233[0m
[0mGET /static/css/admin.css [36m304 [0m1.490 ms - -[0m
[0mGET /static/js/lib/jquery.min.js [36m304 [0m1.538 ms - -[0m
[0mGET /admin/index?iclass=contents&list=articles&flg=all [32m200 [0m10.141 ms - 12642[0m
[0mGET /static/css/admin.css [36m304 [0m1.038 ms - -[0m
[0mGET /static/js/lib/jquery.min.js [36m304 [0m1.545 ms - -[0m
[0mGET /admin/index?iclass=contents&list=articles&flg=all [36m304 [0m42.566 ms - -[0m
[0mGET /static/css/admin.css [36m304 [0m4.941 ms - -[0m
[0mGET /static/js/lib/jquery.min.js [36m304 [0m2.641 ms - -[0m
[0mGET /admin/index?mod=addArticle&cateid= [36m304 [0m15.390 ms - -[0m
[0mGET /static/css/admin.css [36m304 [0m1.019 ms - -[0m
[0mGET /static/js/lib/jquery.min.js [36m304 [0m1.435 ms - -[0m
[0mGET /admin/index?iclass=contents&list=articles&flg=all [36m304 [0m40.139 ms - -[0m
[0mGET /static/css/admin.css [36m304 [0m4.249 ms - -[0m
[0mGET /static/js/lib/jquery.min.js [36m304 [0m4.765 ms - -[0m
[0mGET /admin/index?iclass=contents&list=articles&flg=all [36m304 [0m19.862 ms - -[0m
[0mGET /static/css/admin.css [36m304 [0m1.249 ms - -[0m
[0mGET /static/js/lib/jquery.min.js [36m304 [0m1.353 ms - -[0m
[0mGET /admin/index?iclass=contents&list=articles&flg=all [36m304 [0m10.940 ms - -[0m
[0mGET /static/css/admin.css [36m304 [0m1.699 ms - -[0m
[0mGET /static/js/lib/jquery.min.js [36m304 [0m1.377 ms - -[0m
[0mGET /admin/index?iclass=contents&list=articles&flg=all [36m304 [0m12.472 ms - -[0m
[0mGET /static/css/admin.css [36m304 [0m2.181 ms - -[0m
[0mGET /static/js/lib/jquery.min.js [36m304 [0m3.156 ms - -[0m
[0mGET /admin/index?iclass=contents&list=articles&flg=all [36m304 [0m10.649 ms - -[0m
[0mGET /static/js/lib/jquery.min.js [36m304 [0m1.772 ms - -[0m
[0mGET /static/css/admin.css [36m304 [0m2.812 ms - -[0m
[0mGET /admin/index?iclass=contents&list=articles&flg=all [36m304 [0m12.920 ms - -[0m
[0mGET /static/css/admin.css [36m304 [0m1.173 ms - -[0m
[0mGET /static/js/lib/jquery.min.js [36m304 [0m1.426 ms - -[0m
[0mGET /admin/index?mod=addArticle&cateid= [36m304 [0m8.244 ms - -[0m
[0mGET /static/css/admin.css [36m304 [0m1.558 ms - -[0m
[0mGET /static/js/lib/jquery.min.js [36m304 [0m2.586 ms - -[0m
[0mGET /admin/index?iclass=contents&list=categories&flg=all [36m304 [0m16.660 ms - -[0m
[0mGET /static/css/admin.css [36m304 [0m1.362 ms - -[0m
[0mGET /static/js/lib/jquery.min.js [36m304 [0m1.991 ms - -[0m
[0mGET /admin/index?iclass=contents&list=articles&flg=all&cateid=1 [36m304 [0m8.824 ms - -[0m
[0mGET /static/css/admin.css [36m304 [0m2.888 ms - -[0m
[0mGET /static/js/lib/jquery.min.js [36m304 [0m1.247 ms - -[0m
[0mGET /admin/index?mod=addArticle&cateid=1 [36m304 [0m6.430 ms - -[0m
[0mGET /static/css/admin.css [36m304 [0m1.826 ms - -[0m
[0mGET /static/js/lib/jquery.min.js [36m304 [0m1.790 ms - -[0m
[0mGET /admin/index?iclass=contents&list=categories&flg=all [36m304 [0m9.216 ms - -[0m
[0mGET /static/css/admin.css [36m304 [0m1.973 ms - -[0m
[0mGET /static/js/lib/jquery.min.js [36m304 [0m3.102 ms - -[0m
[0mGET /admin/index?iclass=contents&list=articles&flg=all&cateid=4 [36m304 [0m6.908 ms - -[0m
[0mGET /static/css/admin.css [36m304 [0m1.390 ms - -[0m
[0mGET /static/js/lib/jquery.min.js [36m304 [0m1.736 ms - -[0m
[0mGET /admin/index?iclass=contents&list=categories&flg=all [36m304 [0m9.492 ms - -[0m
[0mGET /static/css/admin.css [36m304 [0m1.283 ms - -[0m
[0mGET /static/js/lib/jquery.min.js [36m304 [0m1.283 ms - -[0m
[0mGET /admin/index?iclass=contents&list=articles&flg=all&cateid=8 [36m304 [0m12.669 ms - -[0m
[0mGET /static/js/lib/jquery.min.js [36m304 [0m1.409 ms - -[0m
[0mGET /static/css/admin.css [36m304 [0m1.994 ms - -[0m
[0mGET /admin/index?iclass=adminstor&flg=all [36m304 [0m7.962 ms - -[0m
[0mGET /static/css/admin.css [36m304 [0m2.099 ms - -[0m
[0mGET /static/js/lib/jquery.min.js [36m304 [0m1.724 ms - -[0m
[0mGET /admin/index?options=showpwd&iclass=adminstor&nid=13&isDecry=true [36m304 [0m2.067 ms - -[0m
[0mGET /admin/index?options=showpwd&iclass=adminstor&nid=13&isDecry=false [36m304 [0m1.281 ms - -[0m
[0mGET /admin/index?iclass=contents&list=categories&flg=all [36m304 [0m7.595 ms - -[0m
[0mGET /static/css/admin.css [36m304 [0m1.586 ms - -[0m
[0mGET /static/js/lib/jquery.min.js [36m304 [0m2.078 ms - -[0m
[0mGET /admin/index?iclass=contents&list=articles&flg=all&cateid=1 [36m304 [0m8.682 ms - -[0m
[0mGET /static/css/admin.css [36m304 [0m0.843 ms - -[0m
[0mGET /static/js/lib/jquery.min.js [36m304 [0m1.220 ms - -[0m
[0mGET /admin/index [36m304 [0m5.688 ms - -[0m
[0mGET /static/css/admin.css [36m304 [0m2.110 ms - -[0m
[0mGET /static/js/lib/jquery.min.js [36m304 [0m2.107 ms - -[0m
[0mGET /admin/index [36m302 [0m4.123 ms - 80[0m
[0mGET /admin/login [32m200 [0m21.937 ms - 630[0m
[0mGET /static/css/admin.css [36m304 [0m2.201 ms - -[0m
[0mPOST /admin/login [36m302 [0m16.780 ms - 80[0m
[0mGET /admin/index [32m200 [0m20.173 ms - 4527[0m
[0mGET /static/css/admin.css [36m304 [0m7.444 ms - -[0m
[0mGET /static/js/lib/jquery.min.js [36m304 [0m1.629 ms - -[0m
[0mGET /admin/index?iclass=contents&list=categories&flg=all [36m304 [0m20.049 ms - -[0m
[0mGET /static/css/admin.css [36m304 [0m1.273 ms - -[0m
[0mGET /static/js/lib/jquery.min.js [36m304 [0m1.130 ms - -[0m
[0mGET /admin/index?iclass=contents&list=articles&flg=all&cateid=1 [36m304 [0m31.184 ms - -[0m
[0mGET /static/css/admin.css [36m304 [0m0.908 ms - -[0m
[0mGET /static/js/lib/jquery.min.js [36m304 [0m0.936 ms - -[0m
[0mGET /admin/index?iclass=contents&list=articles&page=2 [36m304 [0m12.963 ms - -[0m
[0mGET /static/css/admin.css [36m304 [0m1.455 ms - -[0m
[0mGET /static/js/lib/jquery.min.js [36m304 [0m1.986 ms - -[0m
[0mGET /admin/index?iclass=contents&list=articles&page=1 [36m304 [0m10.790 ms - -[0m
[0mGET /static/js/lib/jquery.min.js [36m304 [0m1.435 ms - -[0m
[0mGET /static/css/admin.css [36m304 [0m3.985 ms - -[0m
[0mGET /admin/index?iclass=contents&list=categories&flg=all [36m304 [0m11.377 ms - -[0m
[0mGET /static/css/admin.css [36m304 [0m1.308 ms - -[0m
[0mGET /static/js/lib/jquery.min.js [36m304 [0m1.631 ms - -[0m
[0mGET /static/css/admin.css [36m304 [0m0.813 ms - -[0m
[0mGET /admin/index?iclass=contents&list=articles&flg=all&cateid=1 [36m304 [0m16.456 ms - -[0m
[0mGET /static/css/admin.css [36m304 [0m1.537 ms - -[0m
[0mGET /static/js/lib/jquery.min.js [36m304 [0m1.749 ms - -[0m
[0mGET /admin/index?iclass=contents&list=articles&options=edit&cateid=1&nid=7 [36m304 [0m10.146 ms - -[0m
[0mGET /static/css/admin.css [36m304 [0m1.115 ms - -[0m
[0mGET /static/js/lib/jquery.min.js [36m304 [0m0.993 ms - -[0m
[0mGET /admin/index [36m304 [0m6.597 ms - -[0m
[0mGET /static/css/admin.css [36m304 [0m0.878 ms - -[0m
[0mGET /static/js/lib/jquery.min.js [36m304 [0m0.892 ms - -[0m
[0mGET /blog/index [36m304 [0m98.856 ms - -[0m
[0mGET /static/css/style.css [36m304 [0m3.173 ms - -[0m
[0mGET /static/css/zerogrid.css [36m304 [0m5.970 ms - -[0m
[0mGET /static/css/responsiveslides.css [36m304 [0m2.548 ms - -[0m
[0mGET /static/css/responsive.css [36m304 [0m2.544 ms - -[0m
[0mGET /static/js/lib/jquery.min.js [36m304 [0m2.553 ms - -[0m
[0mGET /static/js/responsiveslides.js [36m304 [0m2.471 ms - -[0m
[0mGET /static/images/logo.png [36m304 [0m2.415 ms - -[0m
[0mGET /static/images/thumb5.jpg [36m304 [0m2.399 ms - -[0m
[0mGET /static/images/marker-1.gif [32m200 [0m0.932 ms - -[0m
[0mGET /admin/index?iclass=contents&list=categories&flg=all [36m304 [0m8.227 ms - -[0m
[0mGET /static/css/admin.css [36m304 [0m0.672 ms - -[0m
[0mGET /static/js/lib/jquery.min.js [36m304 [0m2.769 ms - -[0m
[0mGET /admin/index?iclass=contents&list=categories&flg=all [36m304 [0m8.738 ms - -[0m
[0mGET /static/css/admin.css [36m304 [0m0.955 ms - -[0m
[0mGET /static/js/lib/jquery.min.js [36m304 [0m0.960 ms - -[0m
[0mGET /admin/index?iclass=contents&list=articles&flg=all&cateid=1 [36m304 [0m8.402 ms - -[0m
[0mGET /static/css/admin.css [36m304 [0m1.537 ms - -[0m
[0mGET /static/js/lib/jquery.min.js [36m304 [0m1.747 ms - -[0m
[0mGET /admin/index?iclass=contents&list=categories&flg=all [36m304 [0m16.717 ms - -[0m
[0mGET /static/css/admin.css [36m304 [0m1.127 ms - -[0m
[0mGET /static/js/lib/jquery.min.js [36m304 [0m1.329 ms - -[0m
[0mGET /admin/index?iclass=contents&list=articles&flg=all&cateid=1 [36m304 [0m8.649 ms - -[0m
[0mGET /static/css/admin.css [36m304 [0m1.145 ms - -[0m
[0mGET /static/js/lib/jquery.min.js [36m304 [0m2.097 ms - -[0m
[0mGET /admin/index?mod=addFenlei [36m304 [0m33.241 ms - -[0m
[0mGET /static/css/admin.css [36m304 [0m4.434 ms - -[0m
[0mGET /static/js/lib/jquery.min.js [36m304 [0m4.224 ms - -[0m
[0mGET /admin/index?mod=addFenlei [32m200 [0m32.934 ms - 6539[0m
[0mGET /static/css/admin.css [36m304 [0m3.908 ms - -[0m
[0mGET /static/js/lib/jquery.min.js [36m304 [0m3.895 ms - -[0m
[0mGET /admin/index?mod=addFenlei [36m304 [0m35.112 ms - -[0m
[0mGET /static/css/admin.css [36m304 [0m4.317 ms - -[0m
[0mGET /static/js/lib/jquery.min.js [36m304 [0m3.995 ms - -[0m
[0mGET /admin/index?iclass=contents&list=categories&flg=all [32m200 [0m21.766 ms - 13315[0m
[0mGET /static/css/admin.css [36m304 [0m1.174 ms - -[0m
[0mGET /static/js/lib/jquery.min.js [36m304 [0m1.141 ms - -[0m
[0mGET /admin/index?iclass=contents&list=articles&flg=all&cateid=1 [32m200 [0m13.601 ms - 12797[0m
[0mGET /static/css/admin.css [36m304 [0m2.230 ms - -[0m
[0mGET /static/js/lib/jquery.min.js [36m304 [0m2.048 ms - -[0m
[0mGET /admin/index?mod=addArticle&cateid=1 [32m200 [0m11.078 ms - 7397[0m
[0mGET /static/css/admin.css [36m304 [0m3.266 ms - -[0m
[0mGET /static/js/lib/jquery.min.js [36m304 [0m3.810 ms - -[0m
[0mGET /admin/index?mod=addArticle&cateid=1 [36m304 [0m11.998 ms - -[0m
[0mGET /static/css/admin.css [36m304 [0m1.910 ms - -[0m
[0mGET /static/js/lib/jquery.min.js [36m304 [0m1.494 ms - -[0m
[0mGET /admin/index?mod=addArticle&cateid=1 [32m200 [0m40.206 ms - 7597[0m
[0mGET /static/css/admin.css [36m304 [0m6.573 ms - -[0m
[0mGET /static/js/lib/jquery.min.js [36m304 [0m8.501 ms - -[0m
[0mGET /admin/index?mod=addArticle&cateid=1 [32m200 [0m36.156 ms - 7612[0m
[0mGET /static/js/lib/jquery.min.js [36m304 [0m3.346 ms - -[0m
[0mGET /static/css/admin.css [32m200 [0m6.038 ms - 4477[0m
[0mGET /admin/index?mod=addArticle&cateid=1 [36m304 [0m19.133 ms - -[0m
[0mGET /static/js/lib/jquery.min.js [36m304 [0m1.401 ms - -[0m
[0mGET /static/css/admin.css [32m200 [0m1.979 ms - 4507[0m
[0mGET /admin/index?mod=addArticle&cateid=1 [36m304 [0m9.823 ms - -[0m
[0mGET /static/css/admin.css [36m304 [0m1.354 ms - -[0m
[0mGET /static/js/lib/jquery.min.js [36m304 [0m1.374 ms - -[0m
[0mGET /admin/index?mod=addArticle&cateid=1 [36m304 [0m11.605 ms - -[0m
[0mGET /static/css/admin.css [36m304 [0m1.292 ms - -[0m
[0mGET /static/js/lib/jquery.min.js [36m304 [0m1.237 ms - -[0m
[0mGET /admin/index?mod=addArticle&cateid=1 [36m304 [0m10.496 ms - -[0m
[0mGET /static/js/lib/jquery.min.js [36m304 [0m1.434 ms - -[0m
[0mGET /static/css/admin.css [32m200 [0m1.598 ms - 4529[0m
[0mGET /admin/index?mod=addArticle&cateid=1 [36m304 [0m11.654 ms - -[0m
[0mGET /static/js/lib/jquery.min.js [36m304 [0m1.743 ms - -[0m
[0mGET /static/css/admin.css [32m200 [0m2.281 ms - 4538[0m
[0mGET /admin/index?mod=addArticle&cateid=1 [36m304 [0m9.040 ms - -[0m
[0mGET /static/css/admin.css [36m304 [0m1.952 ms - -[0m
[0mGET /static/js/lib/jquery.min.js [36m304 [0m5.119 ms - -[0m
[0mGET /admin/index?mod=addArticle&cateid=1 [36m304 [0m13.651 ms - -[0m
[0mGET /static/css/admin.css [36m304 [0m1.388 ms - -[0m
[0mGET /static/js/lib/jquery.min.js [36m304 [0m1.269 ms - -[0m
[0mGET /admin/index?mod=addArticle&cateid=1 [36m304 [0m34.734 ms - -[0m
[0mGET /static/js/lib/jquery.min.js [36m304 [0m3.420 ms - -[0m
[0mGET /static/css/admin.css [32m200 [0m5.638 ms - 4538[0m
[0mGET /admin/index?mod=addArticle&cateid=1 [36m304 [0m34.931 ms - -[0m
[0mGET /static/css/admin.css [36m304 [0m4.216 ms - -[0m
[0mGET /static/js/lib/jquery.min.js [36m304 [0m3.905 ms - -[0m
[0mGET /admin/index?iclass=contents&list=categories&flg=all [36m304 [0m19.747 ms - -[0m
[0mGET /static/css/admin.css [36m304 [0m1.265 ms - -[0m
[0mGET /static/js/lib/jquery.min.js [36m304 [0m1.245 ms - -[0m
[0mGET /admin/index?iclass=contents&list=articles&flg=all&cateid=1 [36m304 [0m13.159 ms - -[0m
[0mGET /static/css/admin.css [36m304 [0m1.837 ms - -[0m
[0mGET /static/js/lib/jquery.min.js [36m304 [0m2.444 ms - -[0m
[0mGET /admin/index?mod=addArticle&cateid=1 [36m304 [0m10.897 ms - -[0m
[0mGET /static/css/admin.css [36m304 [0m4.824 ms - -[0m
[0mGET /static/js/lib/jquery.min.js [36m304 [0m5.114 ms - -[0m
[0mPOST /admin/index?mod=addarticle [0m- [0m- ms - -[0m
[0mGET /admin/index?mod=addArticle&cateid=1 [36m304 [0m35.699 ms - -[0m
[0mGET /static/css/admin.css [36m304 [0m4.219 ms - -[0m
[0mGET /static/js/lib/jquery.min.js [36m304 [0m3.873 ms - -[0m
[0mGET /admin/index?mod=addArticle&cateid=1 [36m304 [0m11.729 ms - -[0m
[0mGET /static/css/admin.css [36m304 [0m1.344 ms - -[0m
[0mGET /static/js/lib/jquery.min.js [36m304 [0m1.147 ms - -[0m
[0mPOST /admin/index?mod=addarticle [0m- [0m- ms - -[0m
[0mGET /admin/index?mod=addArticle&cateid=1 [32m200 [0m13.238 ms - 7615[0m
[0mGET /static/css/admin.css [36m304 [0m2.658 ms - -[0m
[0mGET /static/js/lib/jquery.min.js [36m304 [0m3.115 ms - -[0m
[0mGET /admin/index?mod=addArticle&cateid=1 [36m304 [0m35.863 ms - -[0m
[0mGET /static/css/admin.css [36m304 [0m3.286 ms - -[0m
[0mGET /static/js/lib/jquery.min.js [36m304 [0m5.741 ms - -[0m
[0mGET /admin/index?mod=addArticle&cateid=1 [36m304 [0m34.699 ms - -[0m
[0mGET /static/css/admin.css [36m304 [0m4.164 ms - -[0m
[0mGET /static/js/lib/jquery.min.js [36m304 [0m6.884 ms - -[0m
[0mPOST /admin/index?mod=addarticle [36m302 [0m25.991 ms - 198[0m
[0mGET /admin/index?iclass=contents&list=articles&flg=all&cateid=1 [36m304 [0m29.041 ms - -[0m
[0mGET /static/css/admin.css [36m304 [0m3.706 ms - -[0m
[0mGET /static/js/lib/jquery.min.js [36m304 [0m2.473 ms - -[0m
[0mGET /admin/index?iclass=contents&list=articles&flg=all&cateid=1 [36m304 [0m17.073 ms - -[0m
[0mGET /static/css/admin.css [36m304 [0m1.306 ms - -[0m
[0mGET /static/js/lib/jquery.min.js [36m304 [0m1.515 ms - -[0m
[0mGET /admin/index?iclass=contents&list=articles&page=2 [32m200 [0m38.841 ms - 9389[0m
[0mGET /static/css/admin.css [36m304 [0m4.694 ms - -[0m
[0mGET /static/js/lib/jquery.min.js [36m304 [0m3.903 ms - -[0m
[0mGET /admin/index?iclass=contents&list=articles&options=edit&cateid=1&nid=24 [32m200 [0m17.299 ms - 7023[0m
[0mGET /static/css/admin.css [36m304 [0m1.012 ms - -[0m
[0mGET /static/js/lib/jquery.min.js [36m304 [0m1.842 ms - -[0m
[0mGET /admin/index?iclass=contents&list=articles&page=2 [36m304 [0m12.372 ms - -[0m
[0mGET /static/css/admin.css [36m304 [0m3.204 ms - -[0m
[0mGET /static/js/lib/jquery.min.js [36m304 [0m3.367 ms - -[0m
[0mGET /admin/index?iclass=contents&list=articles&page=1 [32m200 [0m10.895 ms - 12796[0m
[0mGET /static/css/admin.css [36m304 [0m1.382 ms - -[0m
[0mGET /static/js/lib/jquery.min.js [36m304 [0m2.028 ms - -[0m
[0mGET /admin/index?iclass=contents&list=articles&page=1 [36m304 [0m10.832 ms - -[0m
[0mGET /static/css/admin.css [36m304 [0m1.356 ms - -[0m
[0mGET /static/js/lib/jquery.min.js [36m304 [0m1.182 ms - -[0m
[0mGET /admin/index?iclass=contents&list=articles&page=1 [36m304 [0m9.823 ms - -[0m
[0mGET /static/css/admin.css [36m304 [0m1.967 ms - -[0m
[0mGET /static/js/lib/jquery.min.js [36m304 [0m2.699 ms - -[0m
[0mGET /admin/index?iclass=contents&list=articles&page=1 [36m304 [0m9.673 ms - -[0m
[0mGET /static/css/admin.css [36m304 [0m1.287 ms - -[0m
[0mGET /static/js/lib/jquery.min.js [36m304 [0m7.826 ms - -[0m
[0mGET /admin/index?iclass=contents&list=articles&page=1 [36m304 [0m9.292 ms - -[0m
[0mGET /static/css/admin.css [36m304 [0m0.955 ms - -[0m
[0mGET /static/js/lib/jquery.min.js [36m304 [0m0.944 ms - -[0m
[0mGET /admin/index?iclass=contents&list=categories&flg=all [36m304 [0m11.311 ms - -[0m
[0mGET /static/css/admin.css [36m304 [0m0.997 ms - -[0m
[0mGET /static/js/lib/jquery.min.js [36m304 [0m1.034 ms - -[0m
[0mGET /admin/index?iclass=contents&list=articles&flg=all&cateid=1 [36m304 [0m7.971 ms - -[0m
[0mGET /static/js/lib/jquery.min.js [36m304 [0m1.398 ms - -[0m
[0mGET /static/css/admin.css [36m304 [0m0.954 ms - -[0m
[0mGET /admin/index?iclass=contents&list=articles&page=2 [36m304 [0m7.790 ms - -[0m
[0mGET /static/css/admin.css [36m304 [0m0.991 ms - -[0m
[0mGET /static/js/lib/jquery.min.js [36m304 [0m0.968 ms - -[0m
[0mGET /admin/index?iclass=contents&list=articles&options=delete&cateid=1&nid=24 [36m302 [0m4.256 ms - 198[0m
[0mGET /admin/index?iclass=contents&list=articles&flg=all&cateid=1 [36m304 [0m7.905 ms - -[0m
[0mGET /static/css/admin.css [36m304 [0m1.264 ms - -[0m
[0mGET /static/js/lib/jquery.min.js [36m304 [0m1.277 ms - -[0m
[0mGET /admin/index?mod=addArticle&cateid=1 [36m304 [0m7.749 ms - -[0m
[0mGET /static/css/admin.css [36m304 [0m1.644 ms - -[0m
[0mGET /static/js/lib/jquery.min.js [36m304 [0m1.646 ms - -[0m
[0mPOST /admin/index?mod=addarticle [36m302 [0m14.977 ms - 198[0m
[0mGET /admin/index?iclass=contents&list=articles&flg=all&cateid=1 [36m304 [0m13.207 ms - -[0m
[0mGET /static/css/admin.css [36m304 [0m1.075 ms - -[0m
[0mGET /static/js/lib/jquery.min.js [36m304 [0m0.909 ms - -[0m
[0mGET /admin/index?iclass=contents&list=articles&page=2 [32m200 [0m37.269 ms - 9391[0m
[0mGET /static/css/admin.css [36m304 [0m4.062 ms - -[0m
[0mGET /static/js/lib/jquery.min.js [36m304 [0m3.917 ms - -[0m
[0mGET /admin/index?iclass=contents&list=articles&options=delete&cateid=1&nid=25 [36m302 [0m4.925 ms - 198[0m
[0mGET /admin/index?iclass=contents&list=articles&flg=all&cateid=1 [36m304 [0m19.962 ms - -[0m
[0mGET /static/css/admin.css [36m304 [0m1.387 ms - -[0m
[0mGET /static/js/lib/jquery.min.js [36m304 [0m1.170 ms - -[0m
[0mGET /admin/index?mod=addArticle&cateid=1 [36m304 [0m10.687 ms - -[0m
[0mGET /static/css/admin.css [36m304 [0m1.632 ms - -[0m
[0mGET /static/js/lib/jquery.min.js [36m304 [0m1.523 ms - -[0m
[0mPOST /admin/index?mod=addarticle [36m302 [0m17.922 ms - 198[0m
[0mGET /admin/index?iclass=contents&list=articles&flg=all&cateid=1 [36m304 [0m10.276 ms - -[0m
[0mGET /static/css/admin.css [36m304 [0m3.770 ms - -[0m
[0mGET /static/js/lib/jquery.min.js [36m304 [0m3.863 ms - -[0m
[0mGET /admin/index?iclass=contents&list=articles&page=2 [32m200 [0m36.768 ms - 9390[0m
[0mGET /static/css/admin.css [36m304 [0m4.670 ms - -[0m
[0mGET /static/js/lib/jquery.min.js [36m304 [0m4.003 ms - -[0m
[0mGET /admin/index?iclass=contents&list=articles&options=delete&cateid=1&nid=26 [36m302 [0m4.924 ms - 198[0m
[0mGET /admin/index?iclass=contents&list=articles&flg=all&cateid=1 [36m304 [0m20.356 ms - -[0m
[0mGET /static/css/admin.css [36m304 [0m1.410 ms - -[0m
[0mGET /static/js/lib/jquery.min.js [36m304 [0m2.026 ms - -[0m
[0mGET /admin/index?mod=addArticle&cateid=1 [36m304 [0m9.979 ms - -[0m
[0mGET /static/css/admin.css [36m304 [0m1.662 ms - -[0m
[0mGET /static/js/lib/jquery.min.js [36m304 [0m1.523 ms - -[0m
[0mPOST /admin/index?mod=addarticle [0m- [0m- ms - -[0m
[0mGET /admin/index?mod=addArticle&cateid=1 [36m304 [0m29.649 ms - -[0m
[0mGET /static/css/admin.css [36m304 [0m3.902 ms - -[0m
[0mGET /static/js/lib/jquery.min.js [36m304 [0m2.206 ms - -[0m
[0mGET /admin/index?mod=addArticle&cateid=1 [36m304 [0m11.309 ms - -[0m
[0mGET /static/css/admin.css [36m304 [0m1.237 ms - -[0m
[0mGET /static/js/lib/jquery.min.js [36m304 [0m1.177 ms - -[0m
[0mPOST /admin/index?mod=addarticle [0m- [0m- ms - -[0m
[0mGET /admin/index?mod=addArticle&cateid=1 [36m304 [0m35.106 ms - -[0m
[0mGET /static/css/admin.css [36m304 [0m3.564 ms - -[0m
[0mGET /static/js/lib/jquery.min.js [36m304 [0m3.361 ms - -[0m
[0mGET /admin/index?iclass=contents&list=categories&flg=all [36m304 [0m40.443 ms - -[0m
[0mGET /static/css/admin.css [36m304 [0m4.113 ms - -[0m
[0mGET /static/js/lib/jquery.min.js [36m304 [0m3.781 ms - -[0m
[0mGET /admin/index?iclass=contents&list=articles&flg=all&cateid=1 [36m304 [0m16.599 ms - -[0m
[0mGET /static/css/admin.css [36m304 [0m1.185 ms - -[0m
[0mGET /static/js/lib/jquery.min.js [36m304 [0m1.274 ms - -[0m
[0mGET /admin/index?iclass=contents&list=articles&page=2 [32m200 [0m12.220 ms - 11907[0m
[0mGET /static/js/lib/jquery.min.js [36m304 [0m2.424 ms - -[0m
[0mGET /static/css/admin.css [36m304 [0m4.828 ms - -[0m
[0mGET /admin/index?iclass=contents&list=articles&options=delete&cateid=1&nid=30 [36m302 [0m4.689 ms - 198[0m
[0mGET /admin/index?iclass=contents&list=articles&flg=all&cateid=1 [36m304 [0m13.582 ms - -[0m
[0mGET /static/css/admin.css [36m304 [0m3.463 ms - -[0m
[0mGET /static/js/lib/jquery.min.js [36m304 [0m3.385 ms - -[0m
[0mGET /admin/index?iclass=contents&list=articles&page=2 [32m200 [0m10.199 ms - 11068[0m
[0mGET /static/css/admin.css [36m304 [0m1.250 ms - -[0m
[0mGET /static/js/lib/jquery.min.js [36m304 [0m1.400 ms - -[0m
[0mGET /admin/index?iclass=contents&list=articles&options=delete&cateid=1&nid=29 [36m302 [0m3.046 ms - 198[0m
[0mGET /admin/index?iclass=contents&list=articles&flg=all&cateid=1 [36m304 [0m10.432 ms - -[0m
[0mGET /static/css/admin.css [36m304 [0m1.167 ms - -[0m
[0mGET /static/js/lib/jquery.min.js [36m304 [0m1.102 ms - -[0m
[0mGET /admin/index?iclass=contents&list=articles&page=2 [32m200 [0m15.560 ms - 10229[0m
[0mGET /static/css/admin.css [36m304 [0m0.917 ms - -[0m
[0mGET /static/js/lib/jquery.min.js [36m304 [0m0.923 ms - -[0m
[0mGET /admin/index?iclass=contents&list=articles&options=delete&cateid=1&nid=28 [36m302 [0m1.554 ms - 198[0m
[0mGET /admin/index?iclass=contents&list=articles&flg=all&cateid=1 [36m304 [0m10.759 ms - -[0m
[0mGET /static/css/admin.css [36m304 [0m2.779 ms - -[0m
[0mGET /static/js/lib/jquery.min.js [36m304 [0m3.528 ms - -[0m
[0mGET /admin/index?iclass=contents&list=articles&page=2 [32m200 [0m7.645 ms - 9390[0m
[0mGET /static/css/admin.css [36m304 [0m5.124 ms - -[0m
[0mGET /static/js/lib/jquery.min.js [36m304 [0m2.771 ms - -[0m
[0mGET /admin/index?iclass=contents&list=articles&options=delete&cateid=1&nid=27 [36m302 [0m0.760 ms - 198[0m
[0mGET /admin/index?iclass=contents&list=articles&flg=all&cateid=1 [36m304 [0m7.712 ms - -[0m
[0mGET /static/css/admin.css [36m304 [0m1.088 ms - -[0m
[0mGET /static/js/lib/jquery.min.js [36m304 [0m1.029 ms - -[0m
[0mGET /admin/index?iclass=contents&list=articles&flg=all&cateid=1 [36m304 [0m38.736 ms - -[0m
[0mGET /static/css/admin.css [36m304 [0m4.109 ms - -[0m
[0mGET /static/js/lib/jquery.min.js [36m304 [0m4.157 ms - -[0m
[0mGET /admin/index?iclass=contents&list=articles&flg=all&cateid=1 [36m304 [0m20.000 ms - -[0m
[0mGET /static/css/admin.css [36m304 [0m1.059 ms - -[0m
[0mGET /static/js/lib/jquery.min.js [36m304 [0m1.052 ms - -[0m
[0mGET /admin/index?iclass=contents&list=articles&flg=all&cateid=1 [36m304 [0m11.301 ms - -[0m
[0mGET /static/css/admin.css [36m304 [0m1.293 ms - -[0m
[0mGET /static/js/lib/jquery.min.js [36m304 [0m1.158 ms - -[0m
[0mGET /admin/index?mod=addArticle&cateid=1 [36m304 [0m10.289 ms - -[0m
[0mGET /static/css/admin.css [36m304 [0m2.160 ms - -[0m
[0mGET /static/js/lib/jquery.min.js [36m304 [0m2.553 ms - -[0m
[0mPOST /admin/index?mod=addarticle [36m302 [0m29.871 ms - 198[0m
[0mGET /admin/index?iclass=contents&list=articles&flg=all&cateid=1 [36m304 [0m14.391 ms - -[0m
[0mGET /static/css/admin.css [36m304 [0m3.310 ms - -[0m
[0mGET /static/js/lib/jquery.min.js [36m304 [0m3.328 ms - -[0m
[0mGET /admin/index?iclass=contents&list=articles&page=2 [32m200 [0m10.649 ms - 9389[0m
[0mGET /static/css/admin.css [36m304 [0m1.576 ms - -[0m
[0mGET /static/js/lib/jquery.min.js [36m304 [0m3.555 ms - -[0m
[0mGET /admin/index?iclass=contents&list=articles&options=delete&cateid=1&nid=31 [36m302 [0m10.250 ms - 198[0m
[0mGET /admin/index?iclass=contents&list=articles&flg=all&cateid=1 [36m304 [0m32.177 ms - -[0m
[0mGET /static/css/admin.css [36m304 [0m4.154 ms - -[0m
[0mGET /static/js/lib/jquery.min.js [36m304 [0m4.023 ms - -[0m
[0mGET /admin/index?mod=addArticle&cateid=1 [36m304 [0m16.931 ms - -[0m
[0mGET /static/css/admin.css [36m304 [0m1.101 ms - -[0m
[0mGET /static/js/lib/jquery.min.js [36m304 [0m1.261 ms - -[0m
[0mGET /admin/index?mod=addarticle [32m200 [0m34.426 ms - 4681[0m
[0mGET /static/css/admin.css [36m304 [0m4.028 ms - -[0m
[0mGET /static/js/lib/jquery.min.js [36m304 [0m4.238 ms - -[0m
[0mGET /admin/index?iclass=contents&list=categories&flg=all [36m304 [0m22.901 ms - -[0m
[0mGET /static/css/admin.css [36m304 [0m0.818 ms - -[0m
[0mGET /static/js/lib/jquery.min.js [36m304 [0m1.321 ms - -[0m
[0mGET /admin/index?iclass=contents&list=articles&flg=all&cateid=1 [36m304 [0m13.044 ms - -[0m
[0mGET /static/css/admin.css [36m304 [0m3.713 ms - -[0m
[0mGET /static/js/lib/jquery.min.js [36m304 [0m3.874 ms - -[0m
[0mGET /admin/index?iclass=contents&list=articles&page=2 [32m200 [0m11.338 ms - 10227[0m
[0mGET /static/js/lib/jquery.min.js [36m304 [0m1.155 ms - -[0m
[0mGET /static/css/admin.css [36m304 [0m1.959 ms - -[0m
[0mGET /admin/index?iclass=contents&list=articles&options=delete&cateid=1&nid=33 [36m302 [0m4.472 ms - 198[0m
[0mGET /admin/index?iclass=contents&list=articles&flg=all&cateid=1 [36m304 [0m10.810 ms - -[0m
[0mGET /static/css/admin.css [36m304 [0m1.722 ms - -[0m
[0mGET /static/js/lib/jquery.min.js [36m304 [0m2.054 ms - -[0m
[0mGET /admin/index?mod=addArticle&cateid=1 [36m304 [0m36.282 ms - -[0m
[0mGET /static/css/admin.css [36m304 [0m4.011 ms - -[0m
[0mGET /static/js/lib/jquery.min.js [36m304 [0m3.777 ms - -[0m
[0mGET /admin/index?mod=addArticle&cateid=1 [32m200 [0m35.009 ms - 7644[0m
[0mGET /static/css/admin.css [36m304 [0m4.023 ms - -[0m
[0mGET /static/js/lib/jquery.min.js [36m304 [0m3.922 ms - -[0m
[0mGET /admin/index?mod=addArticle&cateid=1 [36m304 [0m18.700 ms - -[0m
[0mGET /static/js/lib/jquery.min.js [36m304 [0m1.492 ms - -[0m
[0mGET /static/css/admin.css [36m304 [0m1.999 ms - -[0m
[0mGET /admin/index?mod=addArticle&cateid=1 [36m304 [0m9.335 ms - -[0m
[0mGET /static/css/admin.css [36m304 [0m1.849 ms - -[0m
[0mGET /static/js/lib/jquery.min.js [36m304 [0m1.368 ms - -[0m
[0mGET /admin/index?mod=addArticle&cateid=1 [36m304 [0m13.919 ms - -[0m
[0mGET /static/css/admin.css [36m304 [0m1.409 ms - -[0m
[0mGET /static/js/lib/jquery.min.js [36m304 [0m1.395 ms - -[0m
[0mGET /admin/index?iclass=contents&list=categories&flg=all [36m304 [0m15.938 ms - -[0m
[0mGET /static/css/admin.css [36m304 [0m1.824 ms - -[0m
[0mGET /static/js/lib/jquery.min.js [36m304 [0m1.978 ms - -[0m
[0mGET /admin/index?iclass=contents&list=articles&flg=all&cateid=1 [36m304 [0m11.471 ms - -[0m
[0mGET /static/js/lib/jquery.min.js [36m304 [0m1.764 ms - -[0m
[0mGET /static/css/admin.css [36m304 [0m5.123 ms - -[0m
[0mGET /admin/index?iclass=contents&list=articles&page=2 [32m200 [0m11.101 ms - 9389[0m
[0mGET /static/css/admin.css [36m304 [0m1.225 ms - -[0m
[0mGET /static/js/lib/jquery.min.js [36m304 [0m1.259 ms - -[0m
[0mGET /admin/index?iclass=contents&list=articles&options=delete&cateid=1&nid=32 [36m302 [0m4.155 ms - 198[0m
[0mGET /admin/index?iclass=contents&list=articles&flg=all&cateid=1 [36m304 [0m15.425 ms - -[0m
[0mGET /static/css/admin.css [36m304 [0m1.234 ms - -[0m
[0mGET /static/js/lib/jquery.min.js [36m304 [0m1.091 ms - -[0m
[0mPOST /admin/index?mod=addarticle [0m- [0m- ms - -[0m
[0mGET /admin/index?iclass=contents&list=articles&flg=all&cateid=1 [36m304 [0m37.821 ms - -[0m
[0mGET /static/js/lib/jquery.min.js [36m304 [0m3.365 ms - -[0m
[0mGET /static/css/admin.css [36m304 [0m6.150 ms - -[0m
[0mGET /admin/index?iclass=contents&list=articles&flg=all&cateid=1 [36m304 [0m19.377 ms - -[0m
[0mGET /static/css/admin.css [36m304 [0m0.752 ms - -[0m
[0mGET /static/js/lib/jquery.min.js [36m304 [0m0.777 ms - -[0m
[0mGET /admin/index?iclass=contents&list=articles&flg=all&cateid=1 [36m304 [0m11.150 ms - -[0m
[0mGET /static/css/admin.css [36m304 [0m2.653 ms - -[0m
[0mGET /static/js/lib/jquery.min.js [36m304 [0m1.408 ms - -[0m
[0mGET /admin/index?iclass=contents&list=articles&flg=all&cateid=1 [36m304 [0m11.048 ms - -[0m
[0mGET /static/css/admin.css [36m304 [0m1.721 ms - -[0m
[0mGET /static/js/lib/jquery.min.js [36m304 [0m3.224 ms - -[0m
[0mGET /admin/index?iclass=contents&list=articles&flg=all&cateid=1 [36m304 [0m10.053 ms - -[0m
[0mGET /static/css/admin.css [36m304 [0m1.404 ms - -[0m
[0mGET /static/js/lib/jquery.min.js [36m304 [0m1.453 ms - -[0m
[0mGET /admin/index?iclass=contents&list=articles&flg=all&cateid=1 [36m304 [0m13.272 ms - -[0m
[0mGET /static/css/admin.css [36m304 [0m1.226 ms - -[0m
[0mGET /static/js/lib/jquery.min.js [36m304 [0m1.290 ms - -[0m
[0mGET /admin/index?mod=addArticle&cateid=1 [36m304 [0m9.755 ms - -[0m
[0mGET /static/css/admin.css [36m304 [0m1.402 ms - -[0m
[0mGET /static/js/lib/jquery.min.js [36m304 [0m1.696 ms - -[0m
[0mGET /admin/index?mod=addarticle [36m304 [0m32.927 ms - -[0m
[0mGET /static/css/admin.css [36m304 [0m4.366 ms - -[0m
[0mGET /static/js/lib/jquery.min.js [36m304 [0m4.747 ms - -[0m
[0mGET /admin/index?iclass=contents&list=categories&flg=all [36m304 [0m39.563 ms - -[0m
[0mGET /static/css/admin.css [36m304 [0m4.765 ms - -[0m
[0mGET /static/js/lib/jquery.min.js [36m304 [0m4.397 ms - -[0m
[0mGET /admin/index?iclass=contents&list=articles&flg=all&cateid=1 [36m304 [0m20.957 ms - -[0m
[0mGET /static/css/admin.css [36m304 [0m1.216 ms - -[0m
[0mGET /static/js/lib/jquery.min.js [36m304 [0m1.252 ms - -[0m
[0mGET /admin/index?iclass=contents&list=articles&page=2 [32m200 [0m11.234 ms - 8551[0m
[0mGET /static/css/admin.css [36m304 [0m2.018 ms - -[0m
[0mGET /static/js/lib/jquery.min.js [36m304 [0m3.692 ms - -[0m
[0mGET /admin/index?iclass=contents&list=articles&page=1 [36m304 [0m12.569 ms - -[0m
[0mGET /static/js/lib/jquery.min.js [36m304 [0m1.018 ms - -[0m
[0mGET /static/css/admin.css [36m304 [0m2.192 ms - -[0m
[0mGET /admin/index?iclass=contents&list=articles&page=1 [36m304 [0m14.512 ms - -[0m
[0mGET /static/css/admin.css [36m304 [0m12.608 ms - -[0m
[0mGET /static/js/lib/jquery.min.js [36m304 [0m15.255 ms - -[0m
[0mGET /admin/index?iclass=contents&list=articles&page=1 [36m304 [0m10.912 ms - -[0m
[0mGET /static/css/admin.css [36m304 [0m3.710 ms - -[0m
[0mGET /static/js/lib/jquery.min.js [36m304 [0m3.457 ms - -[0m
[0mGET /admin/index?iclass=contents&list=categories&flg=all [36m304 [0m10.043 ms - -[0m
[0mGET /static/css/admin.css [36m304 [0m1.534 ms - -[0m
[0mGET /static/js/lib/jquery.min.js [36m304 [0m1.637 ms - -[0m
[0mGET /admin/index?iclass=contents&list=articles&flg=all&cateid=1 [36m304 [0m17.608 ms - -[0m
[0mGET /static/css/admin.css [36m304 [0m0.924 ms - -[0m
[0mGET /static/js/lib/jquery.min.js [36m304 [0m0.937 ms - -[0m
[0mGET /admin/index?mod=addArticle&cateid=1 [36m304 [0m7.273 ms - -[0m
[0mGET /static/css/admin.css [36m304 [0m1.988 ms - -[0m
[0mGET /static/js/lib/jquery.min.js [36m304 [0m1.966 ms - -[0m
[0mGET /admin/index?mod=addarticle [36m304 [0m33.620 ms - -[0m
[0mGET /static/css/admin.css [36m304 [0m4.700 ms - -[0m
[0mGET /static/js/lib/jquery.min.js [36m304 [0m5.294 ms - -[0m
[0mGET /admin/index?iclass=contents&list=categories&flg=all [36m304 [0m20.413 ms - -[0m
[0mGET /static/css/admin.css [36m304 [0m1.053 ms - -[0m
[0mGET /static/js/lib/jquery.min.js [36m304 [0m1.048 ms - -[0m
[0mGET /admin/index?iclass=contents&list=articles&flg=all&cateid=1 [36m304 [0m13.212 ms - -[0m
[0mGET /static/css/admin.css [36m304 [0m1.447 ms - -[0m
[0mGET /static/js/lib/jquery.min.js [36m304 [0m1.504 ms - -[0m
[0mGET /admin/index?mod=addArticle&cateid=1 [36m304 [0m10.134 ms - -[0m
[0mGET /static/js/lib/jquery.min.js [36m304 [0m1.759 ms - -[0m
[0mGET /static/css/admin.css [36m304 [0m3.270 ms - -[0m
[0mPOST /admin/index?mod=addarticle [36m302 [0m38.900 ms - 172[0m
[0mGET /admin/index?iclass=contents&list=articles&flg=all [32m200 [0m34.618 ms - 12796[0m
[0mGET /static/css/admin.css [36m304 [0m4.990 ms - -[0m
[0mGET /static/js/lib/jquery.min.js [36m304 [0m4.423 ms - -[0m
[0mGET /admin/index?iclass=contents&list=articles&page=2 [32m200 [0m37.499 ms - 9381[0m
[0mGET /static/css/admin.css [36m304 [0m4.290 ms - -[0m
[0mGET /static/js/lib/jquery.min.js [36m304 [0m4.898 ms - -[0m
[0mGET /admin/index?iclass=contents&list=articles&options=delete&cateid=&nid=39 [36m302 [0m5.076 ms - 214[0m
[0mGET /admin/index?iclass=contents&list=articles&flg=all&cateid=undefined [0m- [0m- ms - -[0m
[0mGET /admin/index?iclass=contents&list=articles&options=delete&cateid=1&nid=23 [36m302 [0m1.652 ms - 198[0m
[0mGET /admin/index?iclass=contents&list=articles&flg=all&cateid=1 [36m304 [0m15.276 ms - -[0m
[0mGET /static/css/admin.css [36m304 [0m2.338 ms - -[0m
[0mGET /static/js/lib/jquery.min.js [36m304 [0m2.024 ms - -[0m
[0mGET /admin/index?iclass=contents&list=articles&page=2 [32m200 [0m10.486 ms - 7713[0m
[0mGET /static/css/admin.css [36m304 [0m1.306 ms - -[0m
[0mGET /static/js/lib/jquery.min.js [36m304 [0m5.789 ms - -[0m
[0mGET /admin/index?iclass=contents&list=articles&page=2 [36m304 [0m9.989 ms - -[0m
[0mGET /static/css/admin.css [36m304 [0m3.815 ms - -[0m
[0mGET /static/js/lib/jquery.min.js [36m304 [0m2.822 ms - -[0m
[0mGET /admin/index?iclass=contents&list=articles&page=1 [36m304 [0m12.601 ms - -[0m
[0mGET /static/css/admin.css [36m304 [0m0.946 ms - -[0m
[0mGET /static/js/lib/jquery.min.js [36m304 [0m3.552 ms - -[0m
[0mGET /admin/index?iclass=contents&list=articles&page=1 [36m304 [0m9.846 ms - -[0m
[0mGET /static/css/admin.css [36m304 [0m1.769 ms - -[0m
[0mGET /static/js/lib/jquery.min.js [36m304 [0m2.117 ms - -[0m
[0mGET /admin/index?iclass=contents&list=articles&page=1 [36m304 [0m15.939 ms - -[0m
[0mGET /static/css/admin.css [36m304 [0m3.017 ms - -[0m
[0mGET /static/js/lib/jquery.min.js [36m304 [0m3.080 ms - -[0m
[0mGET /admin/index?iclass=contents&list=articles&page=1 [36m304 [0m8.104 ms - -[0m
[0mGET /static/css/admin.css [36m304 [0m1.169 ms - -[0m
[0mGET /static/js/lib/jquery.min.js [36m304 [0m1.131 ms - -[0m
[0mGET /admin/index?iclass=contents&list=categories&flg=all [36m304 [0m10.177 ms - -[0m
[0mGET /static/css/admin.css [36m304 [0m5.006 ms - -[0m
[0mGET /static/js/lib/jquery.min.js [36m304 [0m5.186 ms - -[0m
[0mGET /admin/index?iclass=contents&list=categories&flg=all [36m304 [0m8.550 ms - -[0m
[0mGET /static/css/admin.css [36m304 [0m1.158 ms - -[0m
[0mGET /static/js/lib/jquery.min.js [36m304 [0m1.149 ms - -[0m
[0mGET /admin/index?iclass=contents&list=articles&flg=all&cateid=1 [36m304 [0m8.284 ms - -[0m
[0mGET /static/css/admin.css [36m304 [0m0.947 ms - -[0m
[0mGET /static/js/lib/jquery.min.js [36m304 [0m0.961 ms - -[0m
[0mGET /admin/index?mod=addArticle&cateid=1 [36m304 [0m6.519 ms - -[0m
[0mGET /static/css/admin.css [36m304 [0m0.918 ms - -[0m
[0mGET /static/js/lib/jquery.min.js [36m304 [0m4.368 ms - -[0m
[0mPOST /admin/index?mod=addarticle [36m302 [0m82.091 ms - 172[0m
[0mGET /admin/index?iclass=contents&list=articles&flg=all [36m304 [0m15.266 ms - -[0m
[0mGET /static/css/admin.css [36m304 [0m1.127 ms - -[0m
[0mGET /static/js/lib/jquery.min.js [36m304 [0m1.028 ms - -[0m
[0mGET /admin/index?iclass=contents&list=articles&flg=all [36m304 [0m37.359 ms - -[0m
[0mGET /static/css/admin.css [36m304 [0m3.660 ms - -[0m
[0mGET /static/js/lib/jquery.min.js [36m304 [0m3.518 ms - -[0m
[0mGET /admin/index?iclass=contents&list=articles&flg=all [36m304 [0m19.319 ms - -[0m
[0mGET /static/css/admin.css [36m304 [0m1.579 ms - -[0m
[0mGET /static/js/lib/jquery.min.js [36m304 [0m1.158 ms - -[0m
[0mGET /admin/index?iclass=contents&list=articles&flg=all [36m304 [0m10.924 ms - -[0m
[0mGET /static/css/admin.css [36m304 [0m2.095 ms - -[0m
[0mGET /static/js/lib/jquery.min.js [36m304 [0m2.613 ms - -[0m
[0mGET /admin/index?iclass=contents&list=articles&flg=all [32m200 [0m37.836 ms - 12796[0m
[0mGET /static/css/admin.css [36m304 [0m4.331 ms - -[0m
[0mGET /static/js/lib/jquery.min.js [36m304 [0m4.347 ms - -[0m
[0mGET /admin/index?iclass=contents&list=categories&flg=all [36m304 [0m21.203 ms - -[0m
[0mGET /static/css/admin.css [36m304 [0m1.078 ms - -[0m
[0mGET /static/js/lib/jquery.min.js [36m304 [0m1.066 ms - -[0m
[0mGET /admin/index?iclass=contents&list=articles&flg=all&cateid=1 [36m304 [0m12.350 ms - -[0m
[0mGET /static/css/admin.css [36m304 [0m1.443 ms - -[0m
[0mGET /static/js/lib/jquery.min.js [36m304 [0m2.436 ms - -[0m
[0mGET /admin/index?mod=addArticle&cateid=1 [36m304 [0m10.525 ms - -[0m
[0mGET /static/css/admin.css [36m304 [0m3.910 ms - -[0m
[0mGET /static/js/lib/jquery.min.js [36m304 [0m4.044 ms - -[0m
[0mPOST /admin/index?mod=addarticle [36m302 [0m30.836 ms - 172[0m
[0mGET /admin/index?iclass=contents&list=articles&flg=all [36m304 [0m13.455 ms - -[0m
[0mGET /static/js/lib/jquery.min.js [36m304 [0m3.131 ms - -[0m
[0mGET /static/css/admin.css [36m304 [0m4.721 ms - -[0m
[0mGET /admin/index?iclass=contents&list=articles&flg=all [36m304 [0m39.244 ms - -[0m
[0mGET /static/css/admin.css [36m304 [0m4.023 ms - -[0m
[0mGET /static/js/lib/jquery.min.js [36m304 [0m4.197 ms - -[0m
[0mGET /admin/index?iclass=contents&list=categories&flg=all [36m304 [0m38.605 ms - -[0m
[0mGET /static/css/admin.css [36m304 [0m4.520 ms - -[0m
[0mGET /static/js/lib/jquery.min.js [36m304 [0m4.459 ms - -[0m
[0mGET /admin/index?iclass=contents&list=articles&flg=all&cateid=1 [36m304 [0m20.400 ms - -[0m
[0mGET /static/css/admin.css [36m304 [0m1.939 ms - -[0m
[0mGET /static/js/lib/jquery.min.js [36m304 [0m1.895 ms - -[0m
[0mGET /admin/index?mod=addArticle&cateid=1 [36m304 [0m10.654 ms - -[0m
[0mGET /static/css/admin.css [36m304 [0m1.922 ms - -[0m
[0mGET /static/js/lib/jquery.min.js [36m304 [0m1.848 ms - -[0m
[0mGET /admin/index?mod=addArticle&cateid=1 [36m304 [0m35.487 ms - -[0m
[0mGET /static/css/admin.css [36m304 [0m6.322 ms - -[0m
[0mGET /static/js/lib/jquery.min.js [36m304 [0m1.701 ms - -[0m
[0mGET /admin/index?mod=addArticle&cateid=1 [36m304 [0m17.362 ms - -[0m
[0mGET /static/css/admin.css [36m304 [0m2.656 ms - -[0m
[0mGET /static/js/lib/jquery.min.js [36m304 [0m3.399 ms - -[0m
[0mGET /admin/index?mod=addArticle&cateid=1 [36m304 [0m10.369 ms - -[0m
[0mGET /static/css/admin.css [36m304 [0m2.365 ms - -[0m
[0mGET /static/js/lib/jquery.min.js [36m304 [0m2.467 ms - -[0m
[0mGET /admin/index?mod=addArticle&cateid=1 [36m304 [0m10.741 ms - -[0m
[0mGET /static/css/admin.css [36m304 [0m1.596 ms - -[0m
[0mGET /static/js/lib/jquery.min.js [36m304 [0m2.695 ms - -[0m
[0mGET /admin/index?mod=addArticle&cateid=1 [36m304 [0m9.561 ms - -[0m
[0mGET /static/js/lib/jquery.min.js [36m304 [0m1.529 ms - -[0m
[0mGET /static/css/admin.css [36m304 [0m1.481 ms - -[0m
[0mGET /admin/index?mod=addArticle&cateid=1 [36m304 [0m11.880 ms - -[0m
[0mGET /static/css/admin.css [36m304 [0m2.385 ms - -[0m
[0mGET /static/js/lib/jquery.min.js [36m304 [0m3.172 ms - -[0m
[0mGET /admin/index?mod=addArticle&cateid=1 [36m304 [0m7.675 ms - -[0m
[0mGET /static/css/admin.css [36m304 [0m1.940 ms - -[0m
[0mGET /static/js/lib/jquery.min.js [36m304 [0m2.236 ms - -[0m
[0mGET /admin/index?iclass=contents&list=categories&flg=all [36m304 [0m16.392 ms - -[0m
[0mGET /static/js/lib/jquery.min.js [36m304 [0m1.763 ms - -[0m
[0mGET /static/css/admin.css [36m304 [0m1.610 ms - -[0m
[0mGET /admin/index?iclass=contents&list=articles&flg=all&cateid=1 [36m304 [0m10.442 ms - -[0m
[0mGET /static/js/lib/jquery.min.js [36m304 [0m1.019 ms - -[0m
[0mGET /static/css/admin.css [36m304 [0m4.549 ms - -[0m
[0mGET /admin/index?mod=addArticle&cateid=1 [36m304 [0m6.529 ms - -[0m
[0mGET /static/css/admin.css [36m304 [0m1.257 ms - -[0m
[0mGET /static/js/lib/jquery.min.js [36m304 [0m1.423 ms - -[0m
[0mGET /admin/index?mod=addArticle&cateid=1 [36m304 [0m8.997 ms - -[0m
[0mGET /static/css/admin.css [36m304 [0m0.827 ms - -[0m
[0mGET /static/js/lib/jquery.min.js [36m304 [0m1.155 ms - -[0m
[0mGET /admin/index?mod=addArticle&cateid=1 [36m304 [0m6.245 ms - -[0m
[0mGET /static/css/admin.css [36m304 [0m1.057 ms - -[0m
[0mGET /static/js/lib/jquery.min.js [36m304 [0m1.158 ms - -[0m
[0mGET /admin/index?mod=addArticle&cateid=1 [36m304 [0m5.984 ms - -[0m
[0mGET /static/css/admin.css [36m304 [0m1.725 ms - -[0m
[0mGET /static/js/lib/jquery.min.js [36m304 [0m0.807 ms - -[0m
[0mGET /admin/index?mod=addArticle&cateid=1 [36m304 [0m5.865 ms - -[0m
[0mGET /static/css/admin.css [36m304 [0m1.372 ms - -[0m
[0mGET /static/js/lib/jquery.min.js [36m304 [0m1.549 ms - -[0m
[0mGET /admin/index?mod=addArticle&cateid=1 [36m304 [0m11.662 ms - -[0m
[0mGET /static/js/lib/jquery.min.js [36m304 [0m1.747 ms - -[0m
[0mGET /static/css/admin.css [36m304 [0m2.208 ms - -[0m
[0mGET /admin/index?mod=addArticle&cateid=1 [36m304 [0m37.413 ms - -[0m
[0mGET /static/css/admin.css [36m304 [0m3.737 ms - -[0m
[0mGET /static/js/lib/jquery.min.js [36m304 [0m2.607 ms - -[0m
[0mGET /admin/index?iclass=contents&list=categories&flg=all [36m304 [0m22.398 ms - -[0m
[0mGET /static/css/admin.css [36m304 [0m1.481 ms - -[0m
[0mGET /static/js/lib/jquery.min.js [36m304 [0m1.387 ms - -[0m
[0mGET /admin/index?iclass=contents&list=articles&flg=all&cateid=1 [36m304 [0m11.915 ms - -[0m
[0mGET /static/css/admin.css [36m304 [0m2.702 ms - -[0m
[0mGET /static/js/lib/jquery.min.js [36m304 [0m3.387 ms - -[0m
[0mGET /admin/index?mod=addArticle&cateid=1 [36m304 [0m9.370 ms - -[0m
[0mGET /static/css/admin.css [36m304 [0m3.686 ms - -[0m
[0mGET /static/js/lib/jquery.min.js [36m304 [0m4.150 ms - -[0m
[0mPOST /admin/index?mod=addarticle [0m- [0m- ms - -[0m
[0mGET /admin/index?mod=addArticle&cateid=1 [36m304 [0m29.887 ms - -[0m
[0mGET /static/css/admin.css [36m304 [0m4.202 ms - -[0m
[0mGET /static/js/lib/jquery.min.js [36m304 [0m2.517 ms - -[0m
[0mPOST /admin/index?mod=addarticle [0m- [0m- ms - -[0m
[0mGET /admin/index?mod=addArticle&cateid=1 [36m304 [0m28.539 ms - -[0m
[0mGET /static/css/admin.css [36m304 [0m3.923 ms - -[0m
[0mGET /static/js/lib/jquery.min.js [36m304 [0m2.482 ms - -[0m
[0mGET /admin/index?mod=addArticle&cateid=1 [36m304 [0m11.556 ms - -[0m
[0mGET /static/css/admin.css [36m304 [0m2.363 ms - -[0m
[0mGET /static/js/lib/jquery.min.js [36m304 [0m1.874 ms - -[0m
[0mGET /admin/index?mod=addArticle&cateid=1 [36m304 [0m9.705 ms - -[0m
[0mGET /static/css/admin.css [36m304 [0m2.390 ms - -[0m
[0mGET /static/js/lib/jquery.min.js [36m304 [0m2.030 ms - -[0m
[0mGET /admin/index?mod=addArticle&cateid=1 [36m304 [0m11.398 ms - -[0m
[0mGET /static/css/admin.css [36m304 [0m1.899 ms - -[0m
[0mGET /static/js/lib/jquery.min.js [36m304 [0m1.823 ms - -[0m
[0mGET /admin/index?mod=addArticle&cateid=1 [36m304 [0m10.450 ms - -[0m
[0mGET /static/css/admin.css [36m304 [0m0.952 ms - -[0m
[0mGET /static/js/lib/jquery.min.js [36m304 [0m0.984 ms - -[0m
[0mGET /admin/index?mod=addArticle&cateid=1 [36m304 [0m11.021 ms - -[0m
[0mGET /static/js/lib/jquery.min.js [36m304 [0m1.008 ms - -[0m
[0mGET /static/css/admin.css [36m304 [0m3.468 ms - -[0m
[0mGET /admin/index?mod=addArticle&cateid=1 [36m304 [0m8.398 ms - -[0m
[0mGET /static/css/admin.css [36m304 [0m2.667 ms - -[0m
[0mGET /static/js/lib/jquery.min.js [36m304 [0m2.726 ms - -[0m
[0mGET /admin/index?mod=addArticle&cateid=1 [36m304 [0m13.824 ms - -[0m
[0mGET /static/css/admin.css [36m304 [0m2.512 ms - -[0m
[0mGET /static/js/lib/jquery.min.js [36m304 [0m2.118 ms - -[0m
[0mGET /admin/index?mod=addarticle [32m200 [0m32.901 ms - 4681[0m
[0mGET /static/css/admin.css [36m304 [0m4.754 ms - -[0m
[0mGET /static/js/lib/jquery.min.js [36m304 [0m4.566 ms - -[0m
[0mGET /admin/index?mod=addarticle [36m304 [0m16.297 ms - -[0m
[0mGET /static/js/lib/jquery.min.js [36m304 [0m1.006 ms - -[0m
[0mGET /static/css/admin.css [36m304 [0m1.526 ms - -[0m
[0mGET /admin/index?mod=addarticle [36m304 [0m9.038 ms - -[0m
[0mGET /static/css/admin.css [36m304 [0m1.906 ms - -[0m
[0mGET /static/js/lib/jquery.min.js [36m304 [0m1.633 ms - -[0m
[0mGET /admin/index?mod=addarticle [36m304 [0m11.114 ms - -[0m
[0mGET /static/css/admin.css [36m304 [0m2.038 ms - -[0m
[0mGET /static/js/lib/jquery.min.js [36m304 [0m1.784 ms - -[0m
[0mGET /admin/index?mod=addarticle [36m304 [0m7.970 ms - -[0m
[0mGET /static/css/admin.css [36m304 [0m3.129 ms - -[0m
[0mGET /static/js/lib/jquery.min.js [36m304 [0m3.066 ms - -[0m
[0mGET /admin/index?iclass=contents&list=categories&flg=all [36m304 [0m12.645 ms - -[0m
[0mGET /static/css/admin.css [36m304 [0m1.683 ms - -[0m
[0mGET /static/js/lib/jquery.min.js [36m304 [0m1.368 ms - -[0m
[0mGET /admin/index?iclass=contents&list=articles&flg=all&cateid=1 [36m304 [0m10.865 ms - -[0m
[0mGET /static/css/admin.css [36m304 [0m2.070 ms - -[0m
[0mGET /static/js/lib/jquery.min.js [36m304 [0m2.403 ms - -[0m
[0mGET /admin/index?iclass=contents&list=articles&page=2 [36m304 [0m16.591 ms - -[0m
[0mGET /static/css/admin.css [36m304 [0m0.900 ms - -[0m
[0mGET /static/js/lib/jquery.min.js [36m304 [0m0.931 ms - -[0m
[0mGET /admin/index?mod=addArticle&cateid= [32m200 [0m9.133 ms - 7635[0m
[0mGET /static/js/lib/jquery.min.js [36m304 [0m1.168 ms - -[0m
[0mGET /static/css/admin.css [36m304 [0m2.074 ms - -[0m
[0mGET /admin/index?iclass=contents&list=articles&flg=all&cateid=1 [36m304 [0m8.787 ms - -[0m
[0mGET /static/css/admin.css [36m304 [0m1.843 ms - -[0m
[0mGET /static/js/lib/jquery.min.js [36m304 [0m1.996 ms - -[0m
[0mGET /admin/index?mod=addArticle&cateid=1 [32m200 [0m7.286 ms - 7645[0m
[0mGET /static/css/admin.css [36m304 [0m1.390 ms - -[0m
[0mGET /static/js/lib/jquery.min.js [36m304 [0m1.349 ms - -[0m
[0mGET /admin/index?mod=addArticle&cateid=1 [32m200 [0m35.876 ms - 7616[0m
[0mGET /static/js/lib/jquery.min.js [36m304 [0m2.990 ms - -[0m
[0mGET /static/css/admin.css [36m304 [0m5.309 ms - -[0m
[0mGET /admin/index?mod=addArticle&cateid=1 [36m304 [0m16.921 ms - -[0m
[0mGET /static/js/lib/jquery.min.js [36m304 [0m0.993 ms - -[0m
[0mGET /static/css/admin.css [36m304 [0m1.628 ms - -[0m
[0mGET /admin/index?mod=addArticle&cateid=1 [36m304 [0m9.658 ms - -[0m
[0mGET /static/css/admin.css [36m304 [0m1.460 ms - -[0m
[0mGET /static/js/lib/jquery.min.js [36m304 [0m1.818 ms - -[0m
[0mGET /admin/index?mod=addArticle&cateid=1 [36m304 [0m11.193 ms - -[0m
[0mGET /static/css/admin.css [36m304 [0m1.850 ms - -[0m
[0mGET /static/js/lib/jquery.min.js [36m304 [0m1.857 ms - -[0m
[0mGET /admin/index?mod=addArticle&cateid=1 [36m304 [0m10.714 ms - -[0m
[0mGET /static/css/admin.css [36m304 [0m1.218 ms - -[0m
[0mGET /static/js/lib/jquery.min.js [36m304 [0m1.195 ms - -[0m
[0mGET /admin/index?mod=addArticle&cateid=1 [36m304 [0m12.205 ms - -[0m
[0mGET /static/css/admin.css [36m304 [0m1.833 ms - -[0m
[0mGET /static/js/lib/jquery.min.js [36m304 [0m1.621 ms - -[0m
[0mPOST /admin/index?mod=addarticle [36m302 [0m17.724 ms - 198[0m
[0mGET /admin/index?iclass=contents&list=articles&flg=all&cateid=1 [36m304 [0m20.802 ms - -[0m
[0mGET /static/css/admin.css [36m304 [0m2.493 ms - -[0m
[0mGET /static/js/lib/jquery.min.js [36m304 [0m1.628 ms - -[0m
[0mGET /admin/index?iclass=contents&list=articles&page=2 [32m200 [0m9.315 ms - 8553[0m
[0mGET /static/css/admin.css [36m304 [0m1.720 ms - -[0m
[0mGET /static/js/lib/jquery.min.js [36m304 [0m1.360 ms - -[0m
[0mGET /admin/index?iclass=contents&list=articles&options=delete&cateid=1&nid=51 [36m302 [0m3.251 ms - 198[0m
[0mGET /admin/index?iclass=contents&list=articles&flg=all&cateid=1 [36m304 [0m9.882 ms - -[0m
[0mGET /static/css/admin.css [36m304 [0m1.247 ms - -[0m
[0mGET /static/js/lib/jquery.min.js [36m304 [0m1.240 ms - -[0m
[0mGET /admin/index?mod=addArticle&cateid=1 [32m200 [0m36.370 ms - 7645[0m
[0mGET /static/css/admin.css [36m304 [0m4.066 ms - -[0m
[0mGET /static/js/lib/jquery.min.js [36m304 [0m4.199 ms - -[0m
[0mPOST /admin/index?mod=addarticle [0m- [0m- ms - -[0m
[0mPOST /admin/index?mod=addarticle [0m- [0m- ms - -[0m
[0mGET /admin/index?mod=addArticle&cateid=1 [32m200 [0m35.315 ms - 7616[0m
[0mGET /static/css/admin.css [36m304 [0m4.289 ms - -[0m
[0mGET /static/js/lib/jquery.min.js [36m304 [0m4.203 ms - -[0m
[0mPOST /admin/index?mod=addarticle [36m302 [0m18.443 ms - 198[0m
[0mGET /admin/index?iclass=contents&list=articles&flg=all&cateid=1 [36m304 [0m15.620 ms - -[0m
[0mGET /static/css/admin.css [36m304 [0m1.074 ms - -[0m
[0mGET /static/js/lib/jquery.min.js [36m304 [0m1.103 ms - -[0m
[0mGET /admin/index?iclass=contents&list=articles&flg=all&cateid=1 [36m304 [0m38.437 ms - -[0m
[0mGET /static/css/admin.css [36m304 [0m5.018 ms - -[0m
[0mGET /static/js/lib/jquery.min.js [36m304 [0m4.390 ms - -[0m
[0mGET /admin/index?mod=addArticle&cateid=1 [36m304 [0m13.249 ms - -[0m
[0mGET /static/js/lib/jquery.min.js [36m304 [0m1.748 ms - -[0m
[0mGET /static/css/admin.css [36m304 [0m3.363 ms - -[0m
[0mPOST /admin/index?mod=addarticle [36m302 [0m19.228 ms - 198[0m
[0mGET /admin/index?iclass=contents&list=articles&flg=all&cateid=1 [36m304 [0m14.023 ms - -[0m
[0mGET /static/css/admin.css [36m304 [0m1.481 ms - -[0m
[0mGET /static/js/lib/jquery.min.js [36m304 [0m1.274 ms - -[0m
[0mGET /admin/index?iclass=contents&list=articles&page=2 [32m200 [0m36.806 ms - 9390[0m
[0mGET /static/css/admin.css [36m304 [0m5.141 ms - -[0m
[0mGET /static/js/lib/jquery.min.js [36m304 [0m5.385 ms - -[0m
[0mGET /admin/index?iclass=contents&list=articles&options=delete&cateid=1&nid=54 [36m302 [0m5.209 ms - 198[0m
[0mGET /admin/index?iclass=contents&list=articles&flg=all&cateid=1 [36m304 [0m19.471 ms - -[0m
[0mGET /static/css/admin.css [36m304 [0m1.784 ms - -[0m
[0mGET /static/js/lib/jquery.min.js [36m304 [0m1.633 ms - -[0m
[0mGET /admin/index?iclass=contents&list=articles&page=2 [32m200 [0m9.832 ms - 8554[0m
[0mGET /static/css/admin.css [36m304 [0m2.786 ms - -[0m
[0mGET /static/js/lib/jquery.min.js [36m304 [0m2.574 ms - -[0m
[0mGET /admin/index?iclass=contents&list=articles&page=2 [36m304 [0m38.049 ms - -[0m
[0mGET /static/js/lib/jquery.min.js [36m304 [0m3.192 ms - -[0m
[0mGET /static/css/admin.css [36m304 [0m5.786 ms - -[0m
[0mGET /admin/index?iclass=contents&list=categories&flg=all [36m304 [0m20.501 ms - -[0m
[0mGET /static/css/admin.css [36m304 [0m1.117 ms - -[0m
[0mGET /static/js/lib/jquery.min.js [36m304 [0m1.092 ms - -[0m
[0mGET /admin/index?iclass=contents&list=articles&flg=all&cateid=1 [36m304 [0m13.110 ms - -[0m
[0mGET /static/css/admin.css [36m304 [0m2.380 ms - -[0m
[0mGET /static/js/lib/jquery.min.js [36m304 [0m4.923 ms - -[0m
[0mGET /admin/index?iclass=contents&list=articles&flg=all&cateid=2 [32m200 [0m10.232 ms - 6685[0m
[0mGET /static/css/admin.css [36m304 [0m5.189 ms - -[0m
[0mGET /static/js/lib/jquery.min.js [36m304 [0m4.599 ms - -[0m
[0mGET /admin/index?mod=addArticle&cateid=2 [32m200 [0m11.182 ms - 7618[0m
[0mGET /static/css/admin.css [36m304 [0m1.181 ms - -[0m
[0mGET /static/js/lib/jquery.min.js [36m304 [0m1.185 ms - -[0m
[0mPOST /admin/index?mod=addarticle [36m302 [0m27.281 ms - 198[0m
[0mGET /admin/index?iclass=contents&list=articles&flg=all&cateid=2 [32m200 [0m34.179 ms - 7528[0m
[0mGET /static/css/admin.css [36m304 [0m3.085 ms - -[0m
[0mGET /static/js/lib/jquery.min.js [36m304 [0m2.842 ms - -[0m
[0mGET /admin/index?iclass=contents&list=articles&flg=all&cateid=2 [36m304 [0m36.459 ms - -[0m
[0mGET /static/css/admin.css [36m304 [0m5.301 ms - -[0m
[0mGET /static/js/lib/jquery.min.js [36m304 [0m4.703 ms - -[0m
[0mGET /admin/index?iclass=contents&list=articles&flg=all&cateid=2 [36m304 [0m17.265 ms - -[0m
[0mGET /static/css/admin.css [36m304 [0m1.139 ms - -[0m
[0mGET /static/js/lib/jquery.min.js [36m304 [0m2.054 ms - -[0m
[0mGET /admin/index?iclass=contents&list=articles&flg=all&cateid=2 [36m304 [0m12.134 ms - -[0m
[0mGET /static/css/admin.css [36m304 [0m1.336 ms - -[0m
[0mGET /static/js/lib/jquery.min.js [36m304 [0m1.322 ms - -[0m
[0mGET /admin/index?iclass=contents&list=articles&flg=all&cateid=2 [36m304 [0m10.150 ms - -[0m
[0mGET /static/css/admin.css [36m304 [0m2.429 ms - -[0m
[0mGET /static/js/lib/jquery.min.js [36m304 [0m1.710 ms - -[0m
[0mGET /admin/index?iclass=contents&list=articles&flg=all&cateid=2 [36m304 [0m10.648 ms - -[0m
[0mGET /static/css/admin.css [36m304 [0m1.626 ms - -[0m
[0mGET /static/js/lib/jquery.min.js [36m304 [0m2.598 ms - -[0m
[0mGET /admin/index?iclass=contents&list=articles&flg=all&cateid=2 [36m304 [0m11.698 ms - -[0m
[0mGET /static/css/admin.css [36m304 [0m1.804 ms - -[0m
[0mGET /static/js/lib/jquery.min.js [36m304 [0m2.996 ms - -[0m
[0mGET /admin/index?mod=addArticle&cateid=2 [36m304 [0m8.747 ms - -[0m
[0mGET /static/css/admin.css [36m304 [0m1.477 ms - -[0m
[0mGET /static/js/lib/jquery.min.js [36m304 [0m1.405 ms - -[0m
[0mPOST /admin/index?mod=addarticle [36m302 [0m16.567 ms - 198[0m
[0mGET /admin/index?iclass=contents&list=articles&flg=all&cateid=2 [32m200 [0m8.490 ms - 8366[0m
[0mGET /static/css/admin.css [36m304 [0m1.643 ms - -[0m
[0mGET /static/js/lib/jquery.min.js [36m304 [0m2.119 ms - -[0m
[0mGET /admin/index?iclass=contents&list=articles&flg=all&cateid=2 [32m200 [0m38.192 ms - 8366[0m
[0mGET /static/css/admin.css [36m304 [0m5.099 ms - -[0m
[0mGET /static/js/lib/jquery.min.js [36m304 [0m4.919 ms - -[0m
[0mGET /admin/index?mod=addArticle&cateid=2 [36m304 [0m17.162 ms - -[0m
[0mGET /static/css/admin.css [36m304 [0m1.048 ms - -[0m
[0mGET /static/js/lib/jquery.min.js [36m304 [0m1.036 ms - -[0m
[0mPOST /admin/index?mod=addarticle [36m302 [0m16.834 ms - 198[0m
[0mGET /admin/index?iclass=contents&list=articles&flg=all&cateid=2 [32m200 [0m11.133 ms - 9201[0m
[0mGET /static/css/admin.css [36m304 [0m2.084 ms - -[0m
[0mGET /static/js/lib/jquery.min.js [36m304 [0m4.536 ms - -[0m
[0mGET /admin/index?iclass=contents&list=articles&flg=all&cateid=2 [36m304 [0m37.775 ms - -[0m
[0mGET /static/css/admin.css [36m304 [0m4.350 ms - -[0m
[0mGET /static/js/lib/jquery.min.js [36m304 [0m4.399 ms - -[0m
[0mGET /admin/index?iclass=contents&list=articles&options=delete&cateid=2&nid=58 [36m302 [0m10.886 ms - 198[0m
[0mGET /admin/index?iclass=contents&list=articles&flg=all&cateid=2 [32m200 [0m33.370 ms - 8366[0m
[0mGET /static/css/admin.css [36m304 [0m10.332 ms - -[0m
[0mGET /static/js/lib/jquery.min.js [36m304 [0m4.452 ms - -[0m
[0mGET /admin/index?mod=addArticle&cateid=2 [32m200 [0m12.043 ms - 7647[0m
[0mGET /static/css/admin.css [36m304 [0m1.079 ms - -[0m
[0mGET /static/js/lib/jquery.min.js [36m304 [0m1.127 ms - -[0m
[0mPOST /admin/index?mod=addarticle [0m- [0m- ms - -[0m
[0mPOST /admin/index?mod=addarticle [0m- [0m- ms - -[0m
[0mGET /admin/index?mod=addarticle [32m200 [0m32.917 ms - 4681[0m
[0mGET /static/css/admin.css [36m304 [0m5.465 ms - -[0m
[0mGET /static/js/lib/jquery.min.js [36m304 [0m5.470 ms - -[0m
[0mGET /admin/index?iclass=contents&list=categories&flg=all [36m304 [0m22.511 ms - -[0m
[0mGET /static/css/admin.css [36m304 [0m1.084 ms - -[0m
[0mGET /static/js/lib/jquery.min.js [36m304 [0m1.057 ms - -[0m
[0mGET /admin/index?iclass=contents&list=articles&flg=all&cateid=2 [36m304 [0m13.915 ms - -[0m
[0mGET /static/css/admin.css [36m304 [0m1.559 ms - -[0m
[0mGET /static/js/lib/jquery.min.js [36m304 [0m1.538 ms - -[0m
[0mGET /admin/index?iclass=contents&list=articles&options=delete&cateid=2&nid=57 [36m302 [0m4.938 ms - 198[0m
[0mGET /admin/index?iclass=contents&list=articles&flg=all&cateid=2 [32m200 [0m12.498 ms - 7528[0m
[0mGET /static/css/admin.css [36m304 [0m4.010 ms - -[0m
[0mGET /static/js/lib/jquery.min.js [36m304 [0m4.060 ms - -[0m
[0mGET /admin/index?mod=addArticle&cateid=2 [36m304 [0m10.596 ms - -[0m
[0mGET /static/css/admin.css [36m304 [0m0.741 ms - -[0m
[0mGET /static/js/lib/jquery.min.js [36m304 [0m1.535 ms - -[0m
[0mGET /admin/index?mod=addarticle [36m304 [0m32.619 ms - -[0m
[0mGET /static/css/admin.css [36m304 [0m4.302 ms - -[0m
[0mGET /static/js/lib/jquery.min.js [36m304 [0m4.914 ms - -[0m
[0mGET /admin/index?iclass=contents&list=categories&flg=all [36m304 [0m20.131 ms - -[0m
[0mGET /static/css/admin.css [36m304 [0m1.195 ms - -[0m
[0mGET /static/js/lib/jquery.min.js [36m304 [0m1.216 ms - -[0m
[0mGET /admin/index?iclass=contents&list=articles&flg=all&cateid=2 [36m304 [0m12.105 ms - -[0m
[0mGET /static/js/lib/jquery.min.js [36m304 [0m1.821 ms - -[0m
[0mGET /static/css/admin.css [36m304 [0m2.486 ms - -[0m
[0mGET /admin/index?mod=addArticle&cateid=2 [36m304 [0m9.337 ms - -[0m
[0mGET /static/css/admin.css [36m304 [0m1.437 ms - -[0m
[0mGET /static/js/lib/jquery.min.js [36m304 [0m10.534 ms - -[0m
[0mGET /admin/index?mod=addArticle&cateid=2 [36m304 [0m33.329 ms - -[0m
[0mGET /static/css/admin.css [36m304 [0m3.878 ms - -[0m
[0mGET /static/js/lib/jquery.min.js [36m304 [0m3.752 ms - -[0m
[0mPOST /admin/index?mod=addarticle [0m- [0m- ms - -[0m
[0mGET /admin/index?mod=addArticle&cateid=2 [32m200 [0m36.471 ms - 7647[0m
[0mGET /static/css/admin.css [36m304 [0m5.892 ms - -[0m
[0mGET /static/js/lib/jquery.min.js [36m304 [0m6.278 ms - -[0m
[0mGET /admin/index?mod=addArticle&cateid=2 [36m304 [0m17.491 ms - -[0m
[0mGET /static/css/admin.css [36m304 [0m2.324 ms - -[0m
[0mGET /static/js/lib/jquery.min.js [36m304 [0m2.340 ms - -[0m
[0mGET /admin/index?mod=addArticle&cateid=2 [36m304 [0m10.807 ms - -[0m
[0mGET /static/css/admin.css [36m304 [0m1.864 ms - -[0m
[0mGET /static/js/lib/jquery.min.js [36m304 [0m1.839 ms - -[0m
[0mGET /admin/index?mod=addarticle [36m304 [0m32.451 ms - -[0m
[0mGET /static/css/admin.css [36m304 [0m4.306 ms - -[0m
[0mGET /static/js/lib/jquery.min.js [36m304 [0m3.836 ms - -[0m
[0mGET /admin/index?iclass=contents&list=categories&flg=all [36m304 [0m20.824 ms - -[0m
[0mGET /static/css/admin.css [36m304 [0m2.412 ms - -[0m
[0mGET /static/js/lib/jquery.min.js [36m304 [0m4.529 ms - -[0m
[0mGET /admin/index?iclass=contents&list=articles&flg=all&cateid=2 [36m304 [0m12.499 ms - -[0m
[0mGET /static/js/lib/jquery.min.js [36m304 [0m1.371 ms - -[0m
[0mGET /static/css/admin.css [36m304 [0m1.975 ms - -[0m
[0mGET /admin/index?mod=addArticle&cateid=2 [36m304 [0m8.997 ms - -[0m
[0mGET /static/css/admin.css [36m304 [0m9.330 ms - -[0m
[0mGET /static/js/lib/jquery.min.js [36m304 [0m3.106 ms - -[0m
[0mPOST /admin/index?mod=addarticle [0m- [0m- ms - -[0m
[0mGET /admin/index?mod=addarticle [36m304 [0m33.651 ms - -[0m
[0mGET /static/css/admin.css [36m304 [0m4.246 ms - -[0m
[0mGET /static/js/lib/jquery.min.js [36m304 [0m3.822 ms - -[0m
[0mGET /admin/index?iclass=contents&list=categories&flg=all [36m304 [0m19.995 ms - -[0m
[0mGET /static/css/admin.css [36m304 [0m1.110 ms - -[0m
[0mGET /static/js/lib/jquery.min.js [36m304 [0m1.052 ms - -[0m
[0mGET /admin/index?iclass=contents&list=articles&flg=all&cateid=2 [36m304 [0m12.177 ms - -[0m
[0mGET /static/css/admin.css [36m304 [0m1.622 ms - -[0m
[0mGET /static/js/lib/jquery.min.js [36m304 [0m1.651 ms - -[0m
[0mGET /admin/index?mod=addArticle&cateid=2 [36m304 [0m9.904 ms - -[0m
[0mGET /static/css/admin.css [36m304 [0m1.277 ms - -[0m
[0mGET /static/js/lib/jquery.min.js [36m304 [0m3.087 ms - -[0m
[0mGET /admin/index?mod=addArticle&cateid=2 [36m304 [0m28.331 ms - -[0m
[0mGET /static/css/admin.css [36m304 [0m4.338 ms - -[0m
[0mGET /static/js/lib/jquery.min.js [36m304 [0m4.399 ms - -[0m
[0mGET /admin/index?mod=addArticle&cateid=2 [36m304 [0m17.091 ms - -[0m
[0mGET /static/css/admin.css [36m304 [0m1.215 ms - -[0m
[0mGET /static/js/lib/jquery.min.js [36m304 [0m1.260 ms - -[0m
[0mGET /admin/index?mod=addArticle&cateid=2 [36m304 [0m9.667 ms - -[0m
[0mGET /static/css/admin.css [36m304 [0m2.435 ms - -[0m
[0mGET /static/js/lib/jquery.min.js [36m304 [0m1.858 ms - -[0m
[0mGET /admin/index?mod=addArticle&cateid=2 [36m304 [0m13.507 ms - -[0m
[0mGET /static/css/admin.css [36m304 [0m1.281 ms - -[0m
[0mGET /static/js/lib/jquery.min.js [36m304 [0m1.298 ms - -[0m
[0mGET /admin/index?mod=addArticle&cateid=2 [36m304 [0m11.012 ms - -[0m
[0mGET /static/js/lib/jquery.min.js [36m304 [0m1.004 ms - -[0m
[0mGET /static/css/admin.css [36m304 [0m1.017 ms - -[0m
[0mGET /admin/index?mod=addArticle&cateid=2 [36m304 [0m13.357 ms - -[0m
[0mGET /static/css/admin.css [36m304 [0m1.170 ms - -[0m
[0mGET /static/js/lib/jquery.min.js [36m304 [0m0.787 ms - -[0m
[0mGET /admin/index?mod=addArticle&cateid=2 [36m304 [0m8.352 ms - -[0m
[0mGET /static/js/lib/jquery.min.js [36m304 [0m2.718 ms - -[0m
[0mGET /static/css/admin.css [36m304 [0m5.098 ms - -[0m
[0mGET /admin/index?mod=addArticle&cateid=2 [36m304 [0m7.810 ms - -[0m
[0mGET /static/css/admin.css [36m304 [0m7.521 ms - -[0m
[0mGET /static/js/lib/jquery.min.js [36m304 [0m7.475 ms - -[0m
[0mGET /admin/index?mod=addArticle&cateid=2 [36m304 [0m6.750 ms - -[0m
[0mGET /static/css/admin.css [36m304 [0m1.123 ms - -[0m
[0mGET /static/js/lib/jquery.min.js [36m304 [0m1.193 ms - -[0m
[0mGET /admin/index?mod=addArticle&cateid=2 [36m304 [0m7.863 ms - -[0m
[0mGET /static/css/admin.css [36m304 [0m1.229 ms - -[0m
[0mGET /static/js/lib/jquery.min.js [36m304 [0m1.038 ms - -[0m
[0mPOST /admin/index?mod=addarticle [0m- [0m- ms - -[0m
[0mPOST /admin/index?mod=addarticle [0m- [0m- ms - -[0m
[0mGET /admin/index?mod=addarticle [36m304 [0m33.862 ms - -[0m
[0mGET /static/css/admin.css [36m304 [0m4.780 ms - -[0m
[0mGET /static/js/lib/jquery.min.js [36m304 [0m4.650 ms - -[0m
[0mGET /admin/index?iclass=contents&list=categories&flg=all [36m304 [0m36.986 ms - -[0m
[0mGET /static/css/admin.css [36m304 [0m4.542 ms - -[0m
[0mGET /static/js/lib/jquery.min.js [36m304 [0m4.325 ms - -[0m
[0mGET /admin/index?iclass=contents&list=articles&flg=all&cateid=2 [36m304 [0m17.289 ms - -[0m
[0mGET /static/css/admin.css [36m304 [0m1.150 ms - -[0m
[0mGET /static/js/lib/jquery.min.js [36m304 [0m1.174 ms - -[0m
[0mGET /admin/index?mod=addArticle&cateid=2 [36m304 [0m10.004 ms - -[0m
[0mGET /static/js/lib/jquery.min.js [36m304 [0m1.126 ms - -[0m
[0mGET /static/css/admin.css [36m304 [0m2.257 ms - -[0m
[0mPOST /admin/index?mod=addarticle [0m- [0m- ms - -[0m
[0mPOST /admin/index?mod=addarticle [0m- [0m- ms - -[0m
[0mPOST /admin/index?mod=addarticle [0m- [0m- ms - -[0m
[0mGET /admin/index?mod=addarticle [36m304 [0m11.121 ms - -[0m
[0mGET /static/js/lib/jquery.min.js [36m304 [0m3.182 ms - -[0m
[0mGET /static/css/admin.css [36m304 [0m3.684 ms - -[0m
[0mGET /admin/index?iclass=contents&list=categories&flg=all [36m304 [0m13.309 ms - -[0m
[0mGET /static/css/admin.css [36m304 [0m2.701 ms - -[0m
[0mGET /static/js/lib/jquery.min.js [36m304 [0m2.400 ms - -[0m
[0mGET /admin/index?iclass=contents&list=articles&flg=all&cateid=2 [36m304 [0m9.751 ms - -[0m
[0mGET /static/css/admin.css [36m304 [0m1.702 ms - -[0m
[0mGET /static/js/lib/jquery.min.js [36m304 [0m2.072 ms - -[0m
[0mGET /admin/index?mod=addArticle&cateid=2 [36m304 [0m9.374 ms - -[0m
[0mGET /static/css/admin.css [36m304 [0m1.018 ms - -[0m
[0mGET /static/js/lib/jquery.min.js [36m304 [0m1.006 ms - -[0m
[0mGET /admin/index?mod=addarticle [36m304 [0m33.486 ms - -[0m
[0mGET /static/css/admin.css [36m304 [0m4.086 ms - -[0m
[0mGET /static/js/lib/jquery.min.js [36m304 [0m3.946 ms - -[0m
[0mGET /admin/index?iclass=contents&list=categories&flg=all [36m304 [0m21.022 ms - -[0m
[0mGET /static/css/admin.css [36m304 [0m1.185 ms - -[0m
[0mGET /static/js/lib/jquery.min.js [36m304 [0m1.148 ms - -[0m
[0mGET /admin/index?iclass=contents&list=articles&flg=all&cateid=2 [36m304 [0m11.449 ms - -[0m
[0mGET /static/js/lib/jquery.min.js [36m304 [0m1.590 ms - -[0m
[0mGET /static/css/admin.css [36m304 [0m2.178 ms - -[0m
[0mGET /admin/index?mod=addArticle&cateid=2 [36m304 [0m10.024 ms - -[0m
[0mGET /static/js/lib/jquery.min.js [36m304 [0m1.352 ms - -[0m
[0mGET /static/css/admin.css [36m304 [0m1.909 ms - -[0m
[0mGET /admin/index?mod=addarticle [36m304 [0m33.147 ms - -[0m
[0mGET /static/css/admin.css [36m304 [0m5.193 ms - -[0m
[0mGET /static/js/lib/jquery.min.js [36m304 [0m5.407 ms - -[0m
[0mGET /admin/index?iclass=contents&list=categories&flg=all [36m304 [0m20.442 ms - -[0m
[0mGET /static/css/admin.css [36m304 [0m1.413 ms - -[0m
[0mGET /static/js/lib/jquery.min.js [36m304 [0m1.566 ms - -[0m
[0mGET /admin/index?iclass=contents&list=articles&flg=all&cateid=2 [36m304 [0m12.461 ms - -[0m
[0mGET /static/css/admin.css [36m304 [0m4.605 ms - -[0m
[0mGET /static/js/lib/jquery.min.js [36m304 [0m4.946 ms - -[0m
[0mGET /admin/index?mod=addArticle&cateid=2 [36m304 [0m9.781 ms - -[0m
[0mGET /static/css/admin.css [36m304 [0m1.555 ms - -[0m
[0mGET /static/js/lib/jquery.min.js [36m304 [0m1.529 ms - -[0m
[0mPOST /admin/index?mod=addarticle [0m- [0m- ms - -[0m
[0mPOST /admin/index?mod=addarticle [0m- [0m- ms - -[0m
[0mGET /admin/index?mod=addarticle [32m200 [0m34.141 ms - 4862[0m
[0mGET /static/css/admin.css [36m304 [0m4.367 ms - -[0m
[0mGET /static/js/lib/jquery.min.js [36m304 [0m4.413 ms - -[0m
[0mGET /admin/index [32m200 [0m33.920 ms - 4858[0m
[0mGET /static/js/lib/jquery.min.js [36m304 [0m3.087 ms - -[0m
[0mGET /static/css/admin.css [36m304 [0m5.893 ms - -[0m
[0mGET /admin/index [36m304 [0m11.111 ms - -[0m
[0mGET /static/css/admin.css [36m304 [0m7.448 ms - -[0m
[0mGET /static/js/lib/jquery.min.js [36m304 [0m7.508 ms - -[0m
[0mGET /admin/index [32m200 [0m34.406 ms - 4900[0m
[0mGET /static/css/admin.css [36m304 [0m5.345 ms - -[0m
[0mGET /static/js/lib/jquery.min.js [36m304 [0m8.839 ms - -[0m
[0mGET /admin/index [32m200 [0m33.297 ms - 4901[0m
[0mGET /static/css/admin.css [36m304 [0m4.390 ms - -[0m
[0mGET /static/js/lib/jquery.min.js [36m304 [0m4.684 ms - -[0m
[0mGET /admin/index [32m200 [0m33.276 ms - 4901[0m
[0mGET /static/js/lib/jquery.min.js [36m304 [0m3.321 ms - -[0m
[0mGET /static/css/admin.css [36m304 [0m6.689 ms - -[0m
[0mGET /admin/index [36m304 [0m16.013 ms - -[0m
[0mGET /static/css/admin.css [36m304 [0m1.303 ms - -[0m
[0mGET /static/js/lib/jquery.min.js [36m304 [0m1.304 ms - -[0m
[0mGET /admin/index [36m304 [0m9.840 ms - -[0m
[0mGET /static/css/admin.css [36m304 [0m1.054 ms - -[0m
[0mGET /static/js/lib/jquery.min.js [36m304 [0m1.438 ms - -[0m
[0mGET /admin/index [36m304 [0m8.886 ms - -[0m
[0mGET /static/css/admin.css [36m304 [0m2.522 ms - -[0m
[0mGET /static/js/lib/jquery.min.js [36m304 [0m2.264 ms - -[0m
[0mGET /admin/index [36m304 [0m9.431 ms - -[0m
[0mGET /static/css/admin.css [36m304 [0m1.258 ms - -[0m
[0mGET /static/js/lib/jquery.min.js [36m304 [0m2.757 ms - -[0m
[0mGET /admin/index [36m304 [0m33.215 ms - -[0m
[0mGET /static/css/admin.css [36m304 [0m5.411 ms - -[0m
[0mGET /static/js/lib/jquery.min.js [36m304 [0m6.921 ms - -[0m
[0mGET /admin/index [36m304 [0m33.100 ms - -[0m
[0mGET /static/css/admin.css [36m304 [0m4.975 ms - -[0m
[0mGET /static/js/lib/jquery.min.js [36m304 [0m4.607 ms - -[0m
[0mGET /admin/index [32m200 [0m33.532 ms - 4901[0m
[0mGET /static/css/admin.css [36m304 [0m4.967 ms - -[0m
[0mGET /static/js/lib/jquery.min.js [36m304 [0m5.017 ms - -[0m
[0mGET /admin/index [36m304 [0m17.343 ms - -[0m
[0mGET /static/css/admin.css [36m304 [0m1.263 ms - -[0m
[0mGET /static/js/lib/jquery.min.js [36m304 [0m1.255 ms - -[0m
[0mGET /admin/index [36m304 [0m10.100 ms - -[0m
[0mGET /static/js/lib/jquery.min.js [36m304 [0m2.105 ms - -[0m
[0mGET /static/css/admin.css [36m304 [0m2.738 ms - -[0m
[0mGET /admin/index [36m304 [0m9.238 ms - -[0m
[0mGET /static/css/admin.css [36m304 [0m1.314 ms - -[0m
[0mGET /static/js/lib/jquery.min.js [36m304 [0m3.101 ms - -[0m
[0mGET /admin/index [36m304 [0m8.877 ms - -[0m
[0mGET /static/css/admin.css [36m304 [0m3.510 ms - -[0m
[0mGET /static/js/lib/jquery.min.js [36m304 [0m3.492 ms - -[0m
[0mGET /admin/index [36m304 [0m8.086 ms - -[0m
[0mGET /static/css/admin.css [36m304 [0m0.935 ms - -[0m
[0mGET /static/js/lib/jquery.min.js [36m304 [0m1.632 ms - -[0m
[0mGET /admin/index [36m302 [0m4.166 ms - 80[0m
[0mGET /admin/login [32m200 [0m20.541 ms - 630[0m
[0mGET /static/css/admin.css [36m304 [0m2.288 ms - -[0m
[0mPOST /admin/login [36m302 [0m12.972 ms - 80[0m
[0mGET /admin/index [32m200 [0m24.042 ms - 4901[0m
[0mGET /static/css/admin.css [36m304 [0m1.614 ms - -[0m
[0mGET /static/js/lib/jquery.min.js [36m304 [0m1.487 ms - -[0m
[0mGET /blog/index [36m304 [0m56.839 ms - -[0m
[0mGET /static/css/zerogrid.css [36m304 [0m1.607 ms - -[0m
[0mGET /static/css/style.css [36m304 [0m2.112 ms - -[0m
[0mGET /static/css/responsiveslides.css [36m304 [0m3.187 ms - -[0m
[0mGET /static/css/responsive.css [36m304 [0m3.226 ms - -[0m
[0mGET /static/js/lib/jquery.min.js [36m304 [0m1.583 ms - -[0m
[0mGET /static/js/responsiveslides.js [36m304 [0m1.621 ms - -[0m
[0mGET /static/images/logo.png [36m304 [0m0.801 ms - -[0m
[0mGET /static/images/thumb5.jpg [36m304 [0m1.803 ms - -[0m
[0mGET /static/images/marker-1.gif [32m200 [0m2.152 ms - -[0m
[0mGET /admin/index [36m304 [0m32.711 ms - -[0m
[0mGET /static/js/lib/jquery.min.js [36m304 [0m3.149 ms - -[0m
[0mGET /static/css/admin.css [36m304 [0m5.386 ms - -[0m
[0mGET /admin/index [36m304 [0m16.739 ms - -[0m
[0mGET /static/css/admin.css [36m304 [0m1.012 ms - -[0m
[0mGET /static/js/lib/jquery.min.js [36m304 [0m0.968 ms - -[0m
[0mGET /admin/index [32m200 [0m33.948 ms - 4901[0m
[0mGET /static/css/admin.css [36m304 [0m3.950 ms - -[0m
[0mGET /static/js/lib/jquery.min.js [36m304 [0m3.846 ms - -[0m
[0mGET /admin/index [36m304 [0m33.092 ms - -[0m
[0mGET /static/css/admin.css [36m304 [0m3.729 ms - -[0m
[0mGET /static/js/lib/jquery.min.js [36m304 [0m3.397 ms - -[0m
[0mGET /admin/index [36m304 [0m33.583 ms - -[0m
[0mGET /static/css/admin.css [36m304 [0m4.614 ms - -[0m
[0mGET /static/js/lib/jquery.min.js [36m304 [0m2.998 ms - -[0m
[0mGET /admin/index [36m304 [0m32.639 ms - -[0m
[0mGET /static/css/admin.css [36m304 [0m4.129 ms - -[0m
[0mGET /static/js/lib/jquery.min.js [36m304 [0m3.423 ms - -[0m
[0mGET /admin/index [36m304 [0m32.569 ms - -[0m
[0mGET /static/css/admin.css [36m304 [0m4.090 ms - -[0m
[0mGET /static/js/lib/jquery.min.js [36m304 [0m3.679 ms - -[0m
[0mPOST /admin/index [31m500 [0m21.244 ms - 2344[0m
[0mGET /admin/index [36m304 [0m31.994 ms - -[0m
[0mGET /static/css/admin.css [36m304 [0m3.652 ms - -[0m
[0mGET /static/js/lib/jquery.min.js [36m304 [0m3.443 ms - -[0m
[0mGET /admin/index [36m304 [0m16.452 ms - -[0m
[0mGET /static/css/admin.css [36m304 [0m0.957 ms - -[0m
[0mGET /static/js/lib/jquery.min.js [36m304 [0m0.954 ms - -[0m
[0mGET /admin/index [36m304 [0m9.149 ms - -[0m
[0mGET /static/css/admin.css [36m304 [0m1.035 ms - -[0m
[0mGET /static/js/lib/jquery.min.js [36m304 [0m1.049 ms - -[0m
[0mPOST /admin/index [31m500 [0m10.604 ms - 2956[0m
[0mGET /admin/index [36m304 [0m34.262 ms - -[0m
[0mGET /static/css/admin.css [36m304 [0m4.049 ms - -[0m
[0mGET /static/js/lib/jquery.min.js [36m304 [0m3.577 ms - -[0m
[0mGET /admin/index [36m304 [0m16.189 ms - -[0m
[0mGET /static/css/admin.css [36m304 [0m0.938 ms - -[0m
[0mGET /static/js/lib/jquery.min.js [36m304 [0m0.968 ms - -[0m
[0mGET /admin/index [36m304 [0m9.097 ms - -[0m
[0mGET /static/css/admin.css [36m304 [0m1.747 ms - -[0m
[0mGET /static/js/lib/jquery.min.js [36m304 [0m1.227 ms - -[0m
[0mGET /admin/index [36m304 [0m8.862 ms - -[0m
[0mGET /static/css/admin.css [36m304 [0m2.783 ms - -[0m
[0mGET /static/js/lib/jquery.min.js [36m304 [0m2.862 ms - -[0m
[0mPOST /admin/index [31m500 [0m2.807 ms - 1760[0m
[0mGET /admin/index [36m304 [0m32.444 ms - -[0m
[0mGET /static/css/admin.css [36m304 [0m4.160 ms - -[0m
[0mGET /static/js/lib/jquery.min.js [36m304 [0m4.215 ms - -[0m
[0mGET /admin/index [36m304 [0m16.995 ms - -[0m
[0mGET /static/css/admin.css [36m304 [0m1.040 ms - -[0m
[0mGET /static/js/lib/jquery.min.js [36m304 [0m1.061 ms - -[0m
[0mGET /admin/index [36m304 [0m8.928 ms - -[0m
[0mGET /static/css/admin.css [36m304 [0m1.067 ms - -[0m
[0mGET /static/js/lib/jquery.min.js [36m304 [0m1.099 ms - -[0m
[0mGET /admin/index [36m304 [0m7.964 ms - -[0m
[0mGET /static/css/admin.css [36m304 [0m3.190 ms - -[0m
[0mGET /static/js/lib/jquery.min.js [36m304 [0m3.351 ms - -[0m
[0mPOST /admin/index [32m200 [0m7.292 ms - 3575[0m
[0mGET /static/css/admin.css [36m304 [0m1.425 ms - -[0m
[0mGET /static/js/lib/jquery.min.js [36m304 [0m1.616 ms - -[0m
[0mGET /admin/index [32m200 [0m32.333 ms - 4901[0m
[0mGET /admin/index [36m304 [0m16.843 ms - -[0m
[0mGET /static/css/admin.css [36m304 [0m3.001 ms - -[0m
[0mGET /static/js/lib/jquery.min.js [36m304 [0m2.572 ms - -[0m
[0mGET /admin/index [36m304 [0m9.545 ms - -[0m
[0mGET /static/css/admin.css [36m304 [0m1.062 ms - -[0m
[0mGET /static/js/lib/jquery.min.js [36m304 [0m1.136 ms - -[0m
[0mGET /admin/index [36m304 [0m8.485 ms - -[0m
[0mGET /static/css/admin.css [36m304 [0m1.653 ms - -[0m
[0mGET /static/js/lib/jquery.min.js [36m304 [0m1.404 ms - -[0m
[0mPOST /admin/index [32m200 [0m18.181 ms - 3575[0m
[0mGET /static/css/admin.css [36m304 [0m1.269 ms - -[0m
[0mGET /static/js/lib/jquery.min.js [36m304 [0m1.127 ms - -[0m
[0mGET /admin/index [32m200 [0m33.263 ms - 4901[0m
[0mGET /admin/index [36m304 [0m18.307 ms - -[0m
[0mGET /static/css/admin.css [36m304 [0m3.058 ms - -[0m
[0mGET /static/js/lib/jquery.min.js [36m304 [0m2.651 ms - -[0m
[0mGET /admin/index [36m304 [0m9.197 ms - -[0m
[0mGET /static/css/admin.css [36m304 [0m1.114 ms - -[0m
[0mGET /static/js/lib/jquery.min.js [36m304 [0m0.995 ms - -[0m
[0mGET /admin/index [36m304 [0m8.623 ms - -[0m
[0mGET /static/css/admin.css [36m304 [0m1.639 ms - -[0m
[0mGET /static/js/lib/jquery.min.js [36m304 [0m1.296 ms - -[0m
[0mPOST /admin/index [32m200 [0m11.260 ms - 3575[0m
[0mGET /static/css/admin.css [36m304 [0m0.935 ms - -[0m
[0mGET /static/js/lib/jquery.min.js [36m304 [0m1.333 ms - -[0m
[0mGET /admin/index [32m200 [0m32.872 ms - 4901[0m
[0mGET /admin/index [36m304 [0m16.524 ms - -[0m
[0mGET /static/css/admin.css [36m304 [0m3.038 ms - -[0m
[0mGET /static/js/lib/jquery.min.js [36m304 [0m2.699 ms - -[0m
[0mGET /admin/index [36m304 [0m9.714 ms - -[0m
[0mGET /static/css/admin.css [36m304 [0m0.940 ms - -[0m
[0mGET /static/js/lib/jquery.min.js [36m304 [0m0.936 ms - -[0m
[0mGET /admin/index [36m304 [0m8.829 ms - -[0m
[0mGET /static/css/admin.css [36m304 [0m2.110 ms - -[0m
[0mGET /static/js/lib/jquery.min.js [36m304 [0m2.060 ms - -[0m
[0mGET /admin/index [36m304 [0m33.127 ms - -[0m
[0mGET /static/css/admin.css [36m304 [0m3.923 ms - -[0m
[0mGET /static/js/lib/jquery.min.js [36m304 [0m3.977 ms - -[0m
[0mPOST /admin/index [0m- [0m- ms - -[0m
[0mGET /static/css/admin.css [36m304 [0m0.930 ms - -[0m
[0mGET /admin/index [36m304 [0m33.683 ms - -[0m
[0mGET /static/css/admin.css [36m304 [0m4.406 ms - -[0m
[0mGET /static/js/lib/jquery.min.js [36m304 [0m4.070 ms - -[0m
[0mPOST /admin/index [0m- [0m- ms - -[0m
[0mGET /admin/index [36m304 [0m33.224 ms - -[0m
[0mGET /static/css/admin.css [36m304 [0m4.279 ms - -[0m
[0mGET /static/js/lib/jquery.min.js [36m304 [0m3.238 ms - -[0m
[0mGET /admin/index [36m304 [0m33.694 ms - -[0m
[0mGET /static/js/lib/jquery.min.js [36m304 [0m4.418 ms - -[0m
[0mGET /static/css/admin.css [36m304 [0m4.325 ms - -[0m
[0mGET /admin/index [36m304 [0m15.705 ms - -[0m
[0mGET /static/css/admin.css [36m304 [0m1.172 ms - -[0m
[0mGET /static/js/lib/jquery.min.js [36m304 [0m2.406 ms - -[0m
[0mGET /admin/index [36m304 [0m12.132 ms - -[0m
[0mGET /static/css/admin.css [36m304 [0m1.999 ms - -[0m
[0mGET /static/js/lib/jquery.min.js [36m304 [0m1.898 ms - -[0m
[0mGET /admin/index [36m304 [0m9.295 ms - -[0m
[0mGET /static/css/admin.css [36m304 [0m1.541 ms - -[0m
[0mGET /static/js/lib/jquery.min.js [36m304 [0m2.296 ms - -[0m
[0mGET /admin/index [32m200 [0m33.044 ms - 4901[0m
[0mGET /static/css/admin.css [36m304 [0m5.348 ms - -[0m
[0mGET /static/js/lib/jquery.min.js [36m304 [0m1.875 ms - -[0m
[0mGET /admin/index [36m304 [0m11.407 ms - -[0m
[0mGET /static/css/admin.css [36m304 [0m1.254 ms - -[0m
[0mGET /static/js/lib/jquery.min.js [36m304 [0m1.152 ms - -[0m
[0mGET /admin/index [36m304 [0m8.867 ms - -[0m
[0mGET /static/css/admin.css [36m304 [0m2.012 ms - -[0m
[0mGET /static/js/lib/jquery.min.js [36m304 [0m1.864 ms - -[0m
[0mGET /admin/index [36m304 [0m10.362 ms - -[0m
[0mGET /static/js/lib/jquery.min.js [36m304 [0m1.406 ms - -[0m
[0mGET /static/css/admin.css [36m304 [0m2.164 ms - -[0m
[0mGET /admin/index [36m304 [0m9.674 ms - -[0m
[0mGET /static/css/admin.css [36m304 [0m4.926 ms - -[0m
[0mGET /static/js/lib/jquery.min.js [36m304 [0m4.963 ms - -[0m
[0mGET /admin/index [36m304 [0m9.069 ms - -[0m
[0mGET /static/js/lib/jquery.min.js [36m304 [0m1.713 ms - -[0m
[0mGET /static/css/admin.css [36m304 [0m3.317 ms - -[0m
[0mGET /admin/index [36m304 [0m33.132 ms - -[0m
[0mGET /static/js/lib/jquery.min.js [36m304 [0m3.450 ms - -[0m
[0mGET /static/css/admin.css [36m304 [0m5.773 ms - -[0m
[0mGET /admin/index [32m200 [0m33.615 ms - 4901[0m
[0mGET /static/css/admin.css [36m304 [0m6.755 ms - -[0m
[0mGET /static/js/lib/jquery.min.js [36m304 [0m8.039 ms - -[0m
[0mGET /admin/index [36m304 [0m16.891 ms - -[0m
[0mGET /static/css/admin.css [36m304 [0m1.516 ms - -[0m
[0mGET /static/js/lib/jquery.min.js [36m304 [0m1.378 ms - -[0m
[0mGET /admin/index [36m304 [0m10.114 ms - -[0m
[0mGET /static/css/admin.css [36m304 [0m1.342 ms - -[0m
[0mGET /static/js/lib/jquery.min.js [36m304 [0m1.322 ms - -[0m
[0mGET /admin/index [36m304 [0m9.460 ms - -[0m
[0mGET /static/css/admin.css [36m304 [0m1.772 ms - -[0m
[0mGET /static/js/lib/jquery.min.js [36m304 [0m1.707 ms - -[0m
[0mGET /admin/index [36m304 [0m10.050 ms - -[0m
[0mGET /static/css/admin.css [36m304 [0m1.575 ms - -[0m
[0mGET /static/js/lib/jquery.min.js [36m304 [0m3.809 ms - -[0m
[0mPOST /admin/index [32m200 [0m11.178 ms - 3575[0m
[0mGET /static/css/admin.css [36m304 [0m1.310 ms - -[0m
[0mGET /static/js/lib/jquery.min.js [36m304 [0m2.297 ms - -[0m
[0mGET /admin/index [32m200 [0m33.509 ms - 4901[0m
[0mGET /admin/index [36m304 [0m17.285 ms - -[0m
[0mGET /static/css/admin.css [36m304 [0m3.501 ms - -[0m
[0mGET /static/js/lib/jquery.min.js [36m304 [0m2.948 ms - -[0m
[0mGET /admin/index [36m304 [0m9.897 ms - -[0m
[0mGET /static/css/admin.css [36m304 [0m1.272 ms - -[0m
[0mGET /static/js/lib/jquery.min.js [36m304 [0m1.129 ms - -[0m
[0mPOST /admin/index [32m200 [0m8.611 ms - 3575[0m
[0mGET /static/js/lib/jquery.min.js [36m304 [0m1.331 ms - -[0m
[0mGET /static/css/admin.css [36m304 [0m2.537 ms - -[0m
[0mGET /admin/index [32m200 [0m33.808 ms - 4901[0m
[0mGET /admin/index [36m304 [0m16.893 ms - -[0m
[0mGET /static/css/admin.css [36m304 [0m3.476 ms - -[0m
[0mGET /static/js/lib/jquery.min.js [36m304 [0m3.335 ms - -[0m
[0mGET /admin/index [36m304 [0m9.505 ms - -[0m
[0mGET /static/js/lib/jquery.min.js [36m304 [0m2.682 ms - -[0m
[0mGET /static/css/admin.css [36m304 [0m3.132 ms - -[0m
[0mPOST /admin/index [32m200 [0m8.594 ms - 3575[0m
[0mGET /static/css/admin.css [36m304 [0m2.306 ms - -[0m
[0mGET /static/js/lib/jquery.min.js [36m304 [0m1.768 ms - -[0m
[0mGET /admin/index [32m200 [0m11.341 ms - 4901[0m
[0mGET /admin/index [36m304 [0m9.691 ms - -[0m
[0mGET /static/css/admin.css [36m304 [0m2.665 ms - -[0m
[0mGET /static/js/lib/jquery.min.js [36m304 [0m4.846 ms - -[0m
[0mGET /admin/index [36m304 [0m32.723 ms - -[0m
[0mGET /static/js/lib/jquery.min.js [36m304 [0m5.404 ms - -[0m
[0mGET /static/css/admin.css [36m304 [0m5.297 ms - -[0m
[0mPOST /admin/index [32m200 [0m14.963 ms - 3575[0m
[0mGET /static/css/admin.css [36m304 [0m1.172 ms - -[0m
[0mGET /static/js/lib/jquery.min.js [36m304 [0m1.218 ms - -[0m
[0mGET /admin/index [32m200 [0m34.271 ms - 4901[0m
[0mGET /admin/index [36m304 [0m17.747 ms - -[0m
[0mGET /static/css/admin.css [36m304 [0m3.667 ms - -[0m
[0mGET /static/js/lib/jquery.min.js [36m304 [0m3.115 ms - -[0m
[0mGET /admin/index [36m304 [0m10.183 ms - -[0m
[0mGET /static/css/admin.css [36m304 [0m1.122 ms - -[0m
[0mGET /static/js/lib/jquery.min.js [36m304 [0m1.052 ms - -[0m
[0mPOST /admin/index [32m200 [0m7.047 ms - 3575[0m
[0mGET /static/css/admin.css [36m304 [0m2.028 ms - -[0m
[0mGET /static/js/lib/jquery.min.js [36m304 [0m2.389 ms - -[0m
[0mGET /admin/index [32m200 [0m8.225 ms - 4901[0m
[0mPOST /admin/index [32m200 [0m6.286 ms - 3575[0m
[0mGET /static/js/lib/jquery.min.js [36m304 [0m1.485 ms - -[0m
[0mGET /static/css/admin.css [36m304 [0m2.660 ms - -[0m
[0mGET /admin/index [32m200 [0m32.898 ms - 4901[0m
[0mGET /admin/index [36m304 [0m16.799 ms - -[0m
[0mGET /static/js/lib/jquery.min.js [36m304 [0m2.566 ms - -[0m
[0mGET /static/css/admin.css [36m304 [0m5.756 ms - -[0m
[0mGET /admin/index [36m304 [0m9.672 ms - -[0m
[0mGET /static/js/lib/jquery.min.js [36m304 [0m1.296 ms - -[0m
[0mGET /static/css/admin.css [36m304 [0m1.332 ms - -[0m
[0mGET /admin/index [36m304 [0m9.161 ms - -[0m
[0mGET /static/css/admin.css [36m304 [0m2.206 ms - -[0m
[0mGET /static/js/lib/jquery.min.js [36m304 [0m2.327 ms - -[0m
[0mGET /admin/index [36m304 [0m32.948 ms - -[0m
[0mGET /static/css/admin.css [36m304 [0m4.854 ms - -[0m
[0mGET /static/js/lib/jquery.min.js [36m304 [0m5.912 ms - -[0m
[0mGET /admin/index [36m304 [0m18.181 ms - -[0m
[0mGET /static/css/admin.css [36m304 [0m1.131 ms - -[0m
[0mGET /static/js/lib/jquery.min.js [36m304 [0m1.142 ms - -[0m
[0mGET /admin/index [36m304 [0m8.640 ms - -[0m
[0mGET /static/css/admin.css [36m304 [0m2.245 ms - -[0m
[0mGET /static/js/lib/jquery.min.js [36m304 [0m3.700 ms - -[0m
[0mGET /admin/index [36m304 [0m8.806 ms - -[0m
[0mGET /static/css/admin.css [36m304 [0m1.608 ms - -[0m
[0mGET /static/js/lib/jquery.min.js [36m304 [0m1.693 ms - -[0m
[0mGET /admin/index [36m304 [0m8.754 ms - -[0m
[0mGET /static/css/admin.css [36m304 [0m3.789 ms - -[0m
[0mGET /static/js/lib/jquery.min.js [36m304 [0m4.077 ms - -[0m
[0mPOST /admin/index [32m200 [0m0.506 ms - -[0m
[0mGET /admin/index [32m200 [0m32.744 ms - 4901[0m
[0mGET /admin/index [36m304 [0m17.162 ms - -[0m
[0mGET /static/css/admin.css [36m304 [0m3.661 ms - -[0m
[0mGET /static/js/lib/jquery.min.js [36m304 [0m2.891 ms - -[0m
[0mGET /admin/index [36m304 [0m9.706 ms - -[0m
[0mGET /static/css/admin.css [36m304 [0m1.110 ms - -[0m
[0mGET /static/js/lib/jquery.min.js [36m304 [0m1.070 ms - -[0m
[0mGET /admin/index [36m304 [0m8.771 ms - -[0m
[0mGET /static/css/admin.css [36m304 [0m2.069 ms - -[0m
[0mGET /static/js/lib/jquery.min.js [36m304 [0m1.699 ms - -[0m
[0mPOST /admin/index [32m200 [0m2.031 ms - -[0m
